  Caltech36    compliance=1.00 R0= 1.5 random             budget=0.00: steady=0.115
  Caltech36    compliance=1.00 R0= 1.5 random             budget=0.01: steady=0.109
  Caltech36    compliance=1.00 R0= 1.5 random             budget=0.05: steady=0.091
  Caltech36    compliance=1.00 R0= 1.5 random             budget=0.10: steady=0.067
  Caltech36    compliance=1.00 R0= 1.5 random             budget=0.20: steady=0.019
  Caltech36    compliance=1.00 R0= 1.5 betweenness        budget=0.00: steady=0.115
  Caltech36    compliance=1.00 R0= 1.5 betweenness        budget=0.01: steady=0.114
  Caltech36    compliance=1.00 R0= 1.5 betweenness        budget=0.05: steady=0.095
  Caltech36    compliance=1.00 R0= 1.5 betweenness        budget=0.10: steady=0.071
  Caltech36    compliance=1.00 R0= 1.5 betweenness        budget=0.20: steady=0.029
  Caltech36    compliance=1.00 R0= 1.5 distance_threshold budget=0.00: steady=0.115
  Caltech36    compliance=1.00 R0= 1.5 distance_threshold budget=0.01: steady=0.108
  Caltech36    compliance=1.00 R0= 1.5 distance_threshold budget=0.05: steady=0.078
  Caltech36    compliance=1.00 R0= 1.5 distance_threshold budget=0.10: steady=0.052
  Caltech36    compliance=1.00 R0= 1.5 distance_threshold budget=0.20: steady=0.012
  Caltech36    compliance=1.00 R0= 1.5 gnn                budget=0.00: steady=0.115
  Caltech36    compliance=1.00 R0= 1.5 gnn                budget=0.01: steady=0.102
  Caltech36    compliance=1.00 R0= 1.5 gnn                budget=0.05: steady=0.058
  Caltech36    compliance=1.00 R0= 1.5 gnn                budget=0.10: steady=0.025
  Caltech36    compliance=1.00 R0= 1.5 gnn                budget=0.20: steady=0.004
  Caltech36    compliance=1.00 R0= 3.0 random             budget=0.00: steady=0.393
  Caltech36    compliance=1.00 R0= 3.0 random             budget=0.01: steady=0.390
  Caltech36    compliance=1.00 R0= 3.0 random             budget=0.05: steady=0.378
  Caltech36    compliance=1.00 R0= 3.0 random             budget=0.10: steady=0.361
  Caltech36    compliance=1.00 R0= 3.0 random             budget=0.20: steady=0.325
  Caltech36    compliance=1.00 R0= 3.0 betweenness        budget=0.00: steady=0.393
  Caltech36    compliance=1.00 R0= 3.0 betweenness        budget=0.01: steady=0.388
  Caltech36    compliance=1.00 R0= 3.0 betweenness        budget=0.05: steady=0.371
  Caltech36    compliance=1.00 R0= 3.0 betweenness        budget=0.10: steady=0.353
  Caltech36    compliance=1.00 R0= 3.0 betweenness        budget=0.20: steady=0.307
  Caltech36    compliance=1.00 R0= 3.0 distance_threshold budget=0.00: steady=0.393
  Caltech36    compliance=1.00 R0= 3.0 distance_threshold budget=0.01: steady=0.390
  Caltech36    compliance=1.00 R0= 3.0 distance_threshold budget=0.05: steady=0.375
  Caltech36    compliance=1.00 R0= 3.0 distance_threshold budget=0.10: steady=0.357
  Caltech36    compliance=1.00 R0= 3.0 distance_threshold budget=0.20: steady=0.314
  Caltech36    compliance=1.00 R0= 3.0 gnn                budget=0.00: steady=0.393
  Caltech36    compliance=1.00 R0= 3.0 gnn                budget=0.01: steady=0.391
  Caltech36    compliance=1.00 R0= 3.0 gnn                budget=0.05: steady=0.380
  Caltech36    compliance=1.00 R0= 3.0 gnn                budget=0.10: steady=0.363
  Caltech36    compliance=1.00 R0= 3.0 gnn                budget=0.20: steady=0.318
  Caltech36    compliance=0.80 R0= 1.5 random             budget=0.00: steady=0.115
  Caltech36    compliance=0.80 R0= 1.5 random             budget=0.01: steady=0.110
  Caltech36    compliance=0.80 R0= 1.5 random             budget=0.05: steady=0.095
  Caltech36    compliance=0.80 R0= 1.5 random             budget=0.10: steady=0.080
  Caltech36    compliance=0.80 R0= 1.5 random             budget=0.20: steady=0.029
  Caltech36    compliance=0.80 R0= 1.5 betweenness        budget=0.00: steady=0.115
  Caltech36    compliance=0.80 R0= 1.5 betweenness        budget=0.01: steady=0.114
  Caltech36    compliance=0.80 R0= 1.5 betweenness        budget=0.05: steady=0.098
  Caltech36    compliance=0.80 R0= 1.5 betweenness        budget=0.10: steady=0.077
  Caltech36    compliance=0.80 R0= 1.5 betweenness        budget=0.20: steady=0.039
  Caltech36    compliance=0.80 R0= 1.5 distance_threshold budget=0.00: steady=0.115
  Caltech36    compliance=0.80 R0= 1.5 distance_threshold budget=0.01: steady=0.108
  Caltech36    compliance=0.80 R0= 1.5 distance_threshold budget=0.05: steady=0.087
  Caltech36    compliance=0.80 R0= 1.5 distance_threshold budget=0.10: steady=0.060
  Caltech36    compliance=0.80 R0= 1.5 distance_threshold budget=0.20: steady=0.024
  Caltech36    compliance=0.80 R0= 1.5 gnn                budget=0.00: steady=0.115
  Caltech36    compliance=0.80 R0= 1.5 gnn                budget=0.01: steady=0.104
  Caltech36    compliance=0.80 R0= 1.5 gnn                budget=0.05: steady=0.070
  Caltech36    compliance=0.80 R0= 1.5 gnn                budget=0.10: steady=0.039
  Caltech36    compliance=0.80 R0= 1.5 gnn                budget=0.20: steady=0.008
  Caltech36    compliance=0.80 R0= 3.0 random             budget=0.00: steady=0.393
  Caltech36    compliance=0.80 R0= 3.0 random             budget=0.01: steady=0.391
  Caltech36    compliance=0.80 R0= 3.0 random             budget=0.05: steady=0.381
  Caltech36    compliance=0.80 R0= 3.0 random             budget=0.10: steady=0.368
  Caltech36    compliance=0.80 R0= 3.0 random             budget=0.20: steady=0.340
  Caltech36    compliance=0.80 R0= 3.0 betweenness        budget=0.00: steady=0.393
  Caltech36    compliance=0.80 R0= 3.0 betweenness        budget=0.01: steady=0.389
  Caltech36    compliance=0.80 R0= 3.0 betweenness        budget=0.05: steady=0.376
  Caltech36    compliance=0.80 R0= 3.0 betweenness        budget=0.10: steady=0.361
  Caltech36    compliance=0.80 R0= 3.0 betweenness        budget=0.20: steady=0.323
  Caltech36    compliance=0.80 R0= 3.0 distance_threshold budget=0.00: steady=0.393
  Caltech36    compliance=0.80 R0= 3.0 distance_threshold budget=0.01: steady=0.390
  Caltech36    compliance=0.80 R0= 3.0 distance_threshold budget=0.05: steady=0.379
  Caltech36    compliance=0.80 R0= 3.0 distance_threshold budget=0.10: steady=0.364
  Caltech36    compliance=0.80 R0= 3.0 distance_threshold budget=0.20: steady=0.332
  Caltech36    compliance=0.80 R0= 3.0 gnn                budget=0.00: steady=0.393
  Caltech36    compliance=0.80 R0= 3.0 gnn                budget=0.01: steady=0.391
  Caltech36    compliance=0.80 R0= 3.0 gnn                budget=0.05: steady=0.383
  Caltech36    compliance=0.80 R0= 3.0 gnn                budget=0.10: steady=0.371
  Caltech36    compliance=0.80 R0= 3.0 gnn                budget=0.20: steady=0.339
  Caltech36    compliance=0.60 R0= 1.5 random             budget=0.00: steady=0.115
  Caltech36    compliance=0.60 R0= 1.5 random             budget=0.01: steady=0.113
  Caltech36    compliance=0.60 R0= 1.5 random             budget=0.05: steady=0.100
  Caltech36    compliance=0.60 R0= 1.5 random             budget=0.10: steady=0.088
  Caltech36    compliance=0.60 R0= 1.5 random             budget=0.20: steady=0.059
  Caltech36    compliance=0.60 R0= 1.5 betweenness        budget=0.00: steady=0.115
  Caltech36    compliance=0.60 R0= 1.5 betweenness        budget=0.01: steady=0.114
  Caltech36    compliance=0.60 R0= 1.5 betweenness        budget=0.05: steady=0.101
  Caltech36    compliance=0.60 R0= 1.5 betweenness        budget=0.10: steady=0.086
  Caltech36    compliance=0.60 R0= 1.5 betweenness        budget=0.20: steady=0.058
  Caltech36    compliance=0.60 R0= 1.5 distance_threshold budget=0.00: steady=0.115
  Caltech36    compliance=0.60 R0= 1.5 distance_threshold budget=0.01: steady=0.110
  Caltech36    compliance=0.60 R0= 1.5 distance_threshold budget=0.05: steady=0.091
  Caltech36    compliance=0.60 R0= 1.5 distance_threshold budget=0.10: steady=0.076
  Caltech36    compliance=0.60 R0= 1.5 distance_threshold budget=0.20: steady=0.037
  Caltech36    compliance=0.60 R0= 1.5 gnn                budget=0.00: steady=0.115
  Caltech36    compliance=0.60 R0= 1.5 gnn                budget=0.01: steady=0.107
  Caltech36    compliance=0.60 R0= 1.5 gnn                budget=0.05: steady=0.079
  Caltech36    compliance=0.60 R0= 1.5 gnn                budget=0.10: steady=0.045
  Caltech36    compliance=0.60 R0= 1.5 gnn                budget=0.20: steady=0.016
  Caltech36    compliance=0.60 R0= 3.0 random             budget=0.00: steady=0.393
  Caltech36    compliance=0.60 R0= 3.0 random             budget=0.01: steady=0.391
  Caltech36    compliance=0.60 R0= 3.0 random             budget=0.05: steady=0.384
  Caltech36    compliance=0.60 R0= 3.0 random             budget=0.10: steady=0.375
  Caltech36    compliance=0.60 R0= 3.0 random             budget=0.20: steady=0.354
  Caltech36    compliance=0.60 R0= 3.0 betweenness        budget=0.00: steady=0.393
  Caltech36    compliance=0.60 R0= 3.0 betweenness        budget=0.01: steady=0.390
  Caltech36    compliance=0.60 R0= 3.0 betweenness        budget=0.05: steady=0.380
  Caltech36    compliance=0.60 R0= 3.0 betweenness        budget=0.10: steady=0.370
  Caltech36    compliance=0.60 R0= 3.0 betweenness        budget=0.20: steady=0.340
  Caltech36    compliance=0.60 R0= 3.0 distance_threshold budget=0.00: steady=0.393
  Caltech36    compliance=0.60 R0= 3.0 distance_threshold budget=0.01: steady=0.391
  Caltech36    compliance=0.60 R0= 3.0 distance_threshold budget=0.05: steady=0.383
  Caltech36    compliance=0.60 R0= 3.0 distance_threshold budget=0.10: steady=0.372
  Caltech36    compliance=0.60 R0= 3.0 distance_threshold budget=0.20: steady=0.350
  Caltech36    compliance=0.60 R0= 3.0 gnn                budget=0.00: steady=0.393
  Caltech36    compliance=0.60 R0= 3.0 gnn                budget=0.01: steady=0.392
  Caltech36    compliance=0.60 R0= 3.0 gnn                budget=0.05: steady=0.386
  Caltech36    compliance=0.60 R0= 3.0 gnn                budget=0.10: steady=0.378
  Caltech36    compliance=0.60 R0= 3.0 gnn                budget=0.20: steady=0.356
  Bowdoin47    compliance=1.00 R0= 1.5 random             budget=0.00: steady=0.095
  Bowdoin47    compliance=1.00 R0= 1.5 random             budget=0.01: steady=0.089
  Bowdoin47    compliance=1.00 R0= 1.5 random             budget=0.05: steady=0.073
  Bowdoin47    compliance=1.00 R0= 1.5 random             budget=0.10: steady=0.051
  Bowdoin47    compliance=1.00 R0= 1.5 random             budget=0.20: steady=0.015
  Bowdoin47    compliance=1.00 R0= 1.5 betweenness        budget=0.00: steady=0.095
  Bowdoin47    compliance=1.00 R0= 1.5 betweenness        budget=0.01: steady=0.091
  Bowdoin47    compliance=1.00 R0= 1.5 betweenness        budget=0.05: steady=0.069
  Bowdoin47    compliance=1.00 R0= 1.5 betweenness        budget=0.10: steady=0.048
  Bowdoin47    compliance=1.00 R0= 1.5 betweenness        budget=0.20: steady=0.017
  Bowdoin47    compliance=1.00 R0= 1.5 distance_threshold budget=0.00: steady=0.095
  Bowdoin47    compliance=1.00 R0= 1.5 distance_threshold budget=0.01: steady=0.089
  Bowdoin47    compliance=1.00 R0= 1.5 distance_threshold budget=0.05: steady=0.063
  Bowdoin47    compliance=1.00 R0= 1.5 distance_threshold budget=0.10: steady=0.038
  Bowdoin47    compliance=1.00 R0= 1.5 distance_threshold budget=0.20: steady=0.008
  Bowdoin47    compliance=1.00 R0= 1.5 gnn                budget=0.00: steady=0.095
  Bowdoin47    compliance=1.00 R0= 1.5 gnn                budget=0.01: steady=0.080
  Bowdoin47    compliance=1.00 R0= 1.5 gnn                budget=0.05: steady=0.035
  Bowdoin47    compliance=1.00 R0= 1.5 gnn                budget=0.10: steady=0.011
  Bowdoin47    compliance=1.00 R0= 1.5 gnn                budget=0.20: steady=0.001
  Bowdoin47    compliance=1.00 R0= 3.0 random             budget=0.00: steady=0.408
  Bowdoin47    compliance=1.00 R0= 3.0 random             budget=0.01: steady=0.405
  Bowdoin47    compliance=1.00 R0= 3.0 random             budget=0.05: steady=0.391
  Bowdoin47    compliance=1.00 R0= 3.0 random             budget=0.10: steady=0.373
  Bowdoin47    compliance=1.00 R0= 3.0 random             budget=0.20: steady=0.324
  Bowdoin47    compliance=1.00 R0= 3.0 betweenness        budget=0.00: steady=0.408
  Bowdoin47    compliance=1.00 R0= 3.0 betweenness        budget=0.01: steady=0.403
  Bowdoin47    compliance=1.00 R0= 3.0 betweenness        budget=0.05: steady=0.383
  Bowdoin47    compliance=1.00 R0= 3.0 betweenness        budget=0.10: steady=0.359
  Bowdoin47    compliance=1.00 R0= 3.0 betweenness        budget=0.20: steady=0.301
  Bowdoin47    compliance=1.00 R0= 3.0 distance_threshold budget=0.00: steady=0.408
  Bowdoin47    compliance=1.00 R0= 3.0 distance_threshold budget=0.01: steady=0.405
  Bowdoin47    compliance=1.00 R0= 3.0 distance_threshold budget=0.05: steady=0.390
  Bowdoin47    compliance=1.00 R0= 3.0 distance_threshold budget=0.10: steady=0.370
  Bowdoin47    compliance=1.00 R0= 3.0 distance_threshold budget=0.20: steady=0.323
  Bowdoin47    compliance=1.00 R0= 3.0 gnn                budget=0.00: steady=0.408
  Bowdoin47    compliance=1.00 R0= 3.0 gnn                budget=0.01: steady=0.406
  Bowdoin47    compliance=1.00 R0= 3.0 gnn                budget=0.05: steady=0.395
  Bowdoin47    compliance=1.00 R0= 3.0 gnn                budget=0.10: steady=0.377
  Bowdoin47    compliance=1.00 R0= 3.0 gnn                budget=0.20: steady=0.327
  Bowdoin47    compliance=0.80 R0= 1.5 random             budget=0.00: steady=0.095
  Bowdoin47    compliance=0.80 R0= 1.5 random             budget=0.01: steady=0.090
  Bowdoin47    compliance=0.80 R0= 1.5 random             budget=0.05: steady=0.076
  Bowdoin47    compliance=0.80 R0= 1.5 random             budget=0.10: steady=0.058
  Bowdoin47    compliance=0.80 R0= 1.5 random             budget=0.20: steady=0.026
  Bowdoin47    compliance=0.80 R0= 1.5 betweenness        budget=0.00: steady=0.095
  Bowdoin47    compliance=0.80 R0= 1.5 betweenness        budget=0.01: steady=0.092
  Bowdoin47    compliance=0.80 R0= 1.5 betweenness        budget=0.05: steady=0.072
  Bowdoin47    compliance=0.80 R0= 1.5 betweenness        budget=0.10: steady=0.055
  Bowdoin47    compliance=0.80 R0= 1.5 betweenness        budget=0.20: steady=0.024
  Bowdoin47    compliance=0.80 R0= 1.5 distance_threshold budget=0.00: steady=0.095
  Bowdoin47    compliance=0.80 R0= 1.5 distance_threshold budget=0.01: steady=0.090
  Bowdoin47    compliance=0.80 R0= 1.5 distance_threshold budget=0.05: steady=0.070
  Bowdoin47    compliance=0.80 R0= 1.5 distance_threshold budget=0.10: steady=0.047
  Bowdoin47    compliance=0.80 R0= 1.5 distance_threshold budget=0.20: steady=0.015
  Bowdoin47    compliance=0.80 R0= 1.5 gnn                budget=0.00: steady=0.095
  Bowdoin47    compliance=0.80 R0= 1.5 gnn                budget=0.01: steady=0.082
  Bowdoin47    compliance=0.80 R0= 1.5 gnn                budget=0.05: steady=0.046
  Bowdoin47    compliance=0.80 R0= 1.5 gnn                budget=0.10: steady=0.020
  Bowdoin47    compliance=0.80 R0= 1.5 gnn                budget=0.20: steady=0.003
  Bowdoin47    compliance=0.80 R0= 3.0 random             budget=0.00: steady=0.408
  Bowdoin47    compliance=0.80 R0= 3.0 random             budget=0.01: steady=0.406
  Bowdoin47    compliance=0.80 R0= 3.0 random             budget=0.05: steady=0.395
  Bowdoin47    compliance=0.80 R0= 3.0 random             budget=0.10: steady=0.380
  Bowdoin47    compliance=0.80 R0= 3.0 random             budget=0.20: steady=0.341
  Bowdoin47    compliance=0.80 R0= 3.0 betweenness        budget=0.00: steady=0.408
  Bowdoin47    compliance=0.80 R0= 3.0 betweenness        budget=0.01: steady=0.404
  Bowdoin47    compliance=0.80 R0= 3.0 betweenness        budget=0.05: steady=0.389
  Bowdoin47    compliance=0.80 R0= 3.0 betweenness        budget=0.10: steady=0.371
  Bowdoin47    compliance=0.80 R0= 3.0 betweenness        budget=0.20: steady=0.329
  Bowdoin47    compliance=0.80 R0= 3.0 distance_threshold budget=0.00: steady=0.408
  Bowdoin47    compliance=0.80 R0= 3.0 distance_threshold budget=0.01: steady=0.406
  Bowdoin47    compliance=0.80 R0= 3.0 distance_threshold budget=0.05: steady=0.394
  Bowdoin47    compliance=0.80 R0= 3.0 distance_threshold budget=0.10: steady=0.378
  Bowdoin47    compliance=0.80 R0= 3.0 distance_threshold budget=0.20: steady=0.344
  Bowdoin47    compliance=0.80 R0= 3.0 gnn                budget=0.00: steady=0.408
  Bowdoin47    compliance=0.80 R0= 3.0 gnn                budget=0.01: steady=0.407
  Bowdoin47    compliance=0.80 R0= 3.0 gnn                budget=0.05: steady=0.398
  Bowdoin47    compliance=0.80 R0= 3.0 gnn                budget=0.10: steady=0.385
  Bowdoin47    compliance=0.80 R0= 3.0 gnn                budget=0.20: steady=0.351
  Bowdoin47    compliance=0.60 R0= 1.5 random             budget=0.00: steady=0.095
  Bowdoin47    compliance=0.60 R0= 1.5 random             budget=0.01: steady=0.090
  Bowdoin47    compliance=0.60 R0= 1.5 random             budget=0.05: steady=0.083
  Bowdoin47    compliance=0.60 R0= 1.5 random             budget=0.10: steady=0.067
  Bowdoin47    compliance=0.60 R0= 1.5 random             budget=0.20: steady=0.043
  Bowdoin47    compliance=0.60 R0= 1.5 betweenness        budget=0.00: steady=0.095
  Bowdoin47    compliance=0.60 R0= 1.5 betweenness        budget=0.01: steady=0.093
  Bowdoin47    compliance=0.60 R0= 1.5 betweenness        budget=0.05: steady=0.079
  Bowdoin47    compliance=0.60 R0= 1.5 betweenness        budget=0.10: steady=0.063
  Bowdoin47    compliance=0.60 R0= 1.5 betweenness        budget=0.20: steady=0.041
  Bowdoin47    compliance=0.60 R0= 1.5 distance_threshold budget=0.00: steady=0.095
  Bowdoin47    compliance=0.60 R0= 1.5 distance_threshold budget=0.01: steady=0.091
  Bowdoin47    compliance=0.60 R0= 1.5 distance_threshold budget=0.05: steady=0.077
  Bowdoin47    compliance=0.60 R0= 1.5 distance_threshold budget=0.10: steady=0.061
  Bowdoin47    compliance=0.60 R0= 1.5 distance_threshold budget=0.20: steady=0.026
  Bowdoin47    compliance=0.60 R0= 1.5 gnn                budget=0.00: steady=0.095
  Bowdoin47    compliance=0.60 R0= 1.5 gnn                budget=0.01: steady=0.086
  Bowdoin47    compliance=0.60 R0= 1.5 gnn                budget=0.05: steady=0.057
  Bowdoin47    compliance=0.60 R0= 1.5 gnn                budget=0.10: steady=0.032
  Bowdoin47    compliance=0.60 R0= 1.5 gnn                budget=0.20: steady=0.009
  Bowdoin47    compliance=0.60 R0= 3.0 random             budget=0.00: steady=0.408
  Bowdoin47    compliance=0.60 R0= 3.0 random             budget=0.01: steady=0.406
  Bowdoin47    compliance=0.60 R0= 3.0 random             budget=0.05: steady=0.398
  Bowdoin47    compliance=0.60 R0= 3.0 random             budget=0.10: steady=0.388
  Bowdoin47    compliance=0.60 R0= 3.0 random             budget=0.20: steady=0.365
  Bowdoin47    compliance=0.60 R0= 3.0 betweenness        budget=0.00: steady=0.408
  Bowdoin47    compliance=0.60 R0= 3.0 betweenness        budget=0.01: steady=0.405
  Bowdoin47    compliance=0.60 R0= 3.0 betweenness        budget=0.05: steady=0.394
  Bowdoin47    compliance=0.60 R0= 3.0 betweenness        budget=0.10: steady=0.382
  Bowdoin47    compliance=0.60 R0= 3.0 betweenness        budget=0.20: steady=0.357
  Bowdoin47    compliance=0.60 R0= 3.0 distance_threshold budget=0.00: steady=0.408
  Bowdoin47    compliance=0.60 R0= 3.0 distance_threshold budget=0.01: steady=0.406
  Bowdoin47    compliance=0.60 R0= 3.0 distance_threshold budget=0.05: steady=0.398
  Bowdoin47    compliance=0.60 R0= 3.0 distance_threshold budget=0.10: steady=0.386
  Bowdoin47    compliance=0.60 R0= 3.0 distance_threshold budget=0.20: steady=0.363
  Bowdoin47    compliance=0.60 R0= 3.0 gnn                budget=0.00: steady=0.408
  Bowdoin47    compliance=0.60 R0= 3.0 gnn                budget=0.01: steady=0.407
  Bowdoin47    compliance=0.60 R0= 3.0 gnn                budget=0.05: steady=0.401
  Bowdoin47    compliance=0.60 R0= 3.0 gnn                budget=0.10: steady=0.392
  Bowdoin47    compliance=0.60 R0= 3.0 gnn                budget=0.20: steady=0.370
  Harvard1     compliance=1.00 R0= 1.5 random             budget=0.00: steady=0.047
  Harvard1     compliance=1.00 R0= 1.5 random             budget=0.01: steady=0.044
  Harvard1     compliance=1.00 R0= 1.5 random             budget=0.05: steady=0.031
  Harvard1     compliance=1.00 R0= 1.5 random             budget=0.10: steady=0.017
  Harvard1     compliance=1.00 R0= 1.5 random             budget=0.20: steady=0.004
  Harvard1     compliance=1.00 R0= 1.5 betweenness        budget=0.00: steady=0.047
  Harvard1     compliance=1.00 R0= 1.5 betweenness        budget=0.01: steady=0.045
  Harvard1     compliance=1.00 R0= 1.5 betweenness        budget=0.05: steady=0.036
  Harvard1     compliance=1.00 R0= 1.5 betweenness        budget=0.10: steady=0.027
  Harvard1     compliance=1.00 R0= 1.5 betweenness        budget=0.20: steady=0.009
  Harvard1     compliance=1.00 R0= 1.5 distance_threshold budget=0.00: steady=0.047
  Harvard1     compliance=1.00 R0= 1.5 distance_threshold budget=0.01: steady=0.043
  Harvard1     compliance=1.00 R0= 1.5 distance_threshold budget=0.05: steady=0.028
  Harvard1     compliance=1.00 R0= 1.5 distance_threshold budget=0.10: steady=0.013
  Harvard1     compliance=1.00 R0= 1.5 distance_threshold budget=0.20: steady=0.002
  Harvard1     compliance=1.00 R0= 1.5 gnn                budget=0.00: steady=0.047
  Harvard1     compliance=1.00 R0= 1.5 gnn                budget=0.01: steady=0.033
  Harvard1     compliance=1.00 R0= 1.5 gnn                budget=0.05: steady=0.007
  Harvard1     compliance=1.00 R0= 1.5 gnn                budget=0.10: steady=0.001
  Harvard1     compliance=1.00 R0= 1.5 gnn                budget=0.20: steady=0.000
  Harvard1     compliance=1.00 R0= 3.0 random             budget=0.00: steady=0.295
  Harvard1     compliance=1.00 R0= 3.0 random             budget=0.01: steady=0.293
  Harvard1     compliance=1.00 R0= 3.0 random             budget=0.05: steady=0.282
  Harvard1     compliance=1.00 R0= 3.0 random             budget=0.10: steady=0.267
  Harvard1     compliance=1.00 R0= 3.0 random             budget=0.20: steady=0.235
  Harvard1     compliance=1.00 R0= 3.0 betweenness        budget=0.00: steady=0.295
  Harvard1     compliance=1.00 R0= 3.0 betweenness        budget=0.01: steady=0.292
  Harvard1     compliance=1.00 R0= 3.0 betweenness        budget=0.05: steady=0.278
  Harvard1     compliance=1.00 R0= 3.0 betweenness        budget=0.10: steady=0.261
  Harvard1     compliance=1.00 R0= 3.0 betweenness        budget=0.20: steady=0.228
  Harvard1     compliance=1.00 R0= 3.0 distance_threshold budget=0.00: steady=0.295
  Harvard1     compliance=1.00 R0= 3.0 distance_threshold budget=0.01: steady=0.292
  Harvard1     compliance=1.00 R0= 3.0 distance_threshold budget=0.05: steady=0.280
  Harvard1     compliance=1.00 R0= 3.0 distance_threshold budget=0.10: steady=0.263
  Harvard1     compliance=1.00 R0= 3.0 distance_threshold budget=0.20: steady=0.221
  Harvard1     compliance=1.00 R0= 3.0 gnn                budget=0.00: steady=0.295
  Harvard1     compliance=1.00 R0= 3.0 gnn                budget=0.01: steady=0.294
  Harvard1     compliance=1.00 R0= 3.0 gnn                budget=0.05: steady=0.285
  Harvard1     compliance=1.00 R0= 3.0 gnn                budget=0.10: steady=0.270
  Harvard1     compliance=1.00 R0= 3.0 gnn                budget=0.20: steady=0.222
  Harvard1     compliance=0.80 R0= 1.5 random             budget=0.00: steady=0.047
  Harvard1     compliance=0.80 R0= 1.5 random             budget=0.01: steady=0.044
  Harvard1     compliance=0.80 R0= 1.5 random             budget=0.05: steady=0.034
  Harvard1     compliance=0.80 R0= 1.5 random             budget=0.10: steady=0.022
  Harvard1     compliance=0.80 R0= 1.5 random             budget=0.20: steady=0.007
  Harvard1     compliance=0.80 R0= 1.5 betweenness        budget=0.00: steady=0.047
  Harvard1     compliance=0.80 R0= 1.5 betweenness        budget=0.01: steady=0.045
  Harvard1     compliance=0.80 R0= 1.5 betweenness        budget=0.05: steady=0.038
  Harvard1     compliance=0.80 R0= 1.5 betweenness        budget=0.10: steady=0.029
  Harvard1     compliance=0.80 R0= 1.5 betweenness        budget=0.20: steady=0.014
  Harvard1     compliance=0.80 R0= 1.5 distance_threshold budget=0.00: steady=0.047
  Harvard1     compliance=0.80 R0= 1.5 distance_threshold budget=0.01: steady=0.043
  Harvard1     compliance=0.80 R0= 1.5 distance_threshold budget=0.05: steady=0.032
  Harvard1     compliance=0.80 R0= 1.5 distance_threshold budget=0.10: steady=0.017
  Harvard1     compliance=0.80 R0= 1.5 distance_threshold budget=0.20: steady=0.004
  Harvard1     compliance=0.80 R0= 1.5 gnn                budget=0.00: steady=0.047
  Harvard1     compliance=0.80 R0= 1.5 gnn                budget=0.01: steady=0.035
  Harvard1     compliance=0.80 R0= 1.5 gnn                budget=0.05: steady=0.011
  Harvard1     compliance=0.80 R0= 1.5 gnn                budget=0.10: steady=0.003
  Harvard1     compliance=0.80 R0= 1.5 gnn                budget=0.20: steady=0.000
  Harvard1     compliance=0.80 R0= 3.0 random             budget=0.00: steady=0.295
  Harvard1     compliance=0.80 R0= 3.0 random             budget=0.01: steady=0.293
  Harvard1     compliance=0.80 R0= 3.0 random             budget=0.05: steady=0.285
  Harvard1     compliance=0.80 R0= 3.0 random             budget=0.10: steady=0.273
  Harvard1     compliance=0.80 R0= 3.0 random             budget=0.20: steady=0.248
  Harvard1     compliance=0.80 R0= 3.0 betweenness        budget=0.00: steady=0.295
  Harvard1     compliance=0.80 R0= 3.0 betweenness        budget=0.01: steady=0.292
  Harvard1     compliance=0.80 R0= 3.0 betweenness        budget=0.05: steady=0.281
  Harvard1     compliance=0.80 R0= 3.0 betweenness        budget=0.10: steady=0.268
  Harvard1     compliance=0.80 R0= 3.0 betweenness        budget=0.20: steady=0.242
  Harvard1     compliance=0.80 R0= 3.0 distance_threshold budget=0.00: steady=0.295
  Harvard1     compliance=0.80 R0= 3.0 distance_threshold budget=0.01: steady=0.293
  Harvard1     compliance=0.80 R0= 3.0 distance_threshold budget=0.05: steady=0.283
  Harvard1     compliance=0.80 R0= 3.0 distance_threshold budget=0.10: steady=0.270
  Harvard1     compliance=0.80 R0= 3.0 distance_threshold budget=0.20: steady=0.238
  Harvard1     compliance=0.80 R0= 3.0 gnn                budget=0.00: steady=0.295
  Harvard1     compliance=0.80 R0= 3.0 gnn                budget=0.01: steady=0.294
  Harvard1     compliance=0.80 R0= 3.0 gnn                budget=0.05: steady=0.288
  Harvard1     compliance=0.80 R0= 3.0 gnn                budget=0.10: steady=0.277
  Harvard1     compliance=0.80 R0= 3.0 gnn                budget=0.20: steady=0.244
  Harvard1     compliance=0.60 R0= 1.5 random             budget=0.00: steady=0.047
  Harvard1     compliance=0.60 R0= 1.5 random             budget=0.01: steady=0.045
  Harvard1     compliance=0.60 R0= 1.5 random             budget=0.05: steady=0.036
  Harvard1     compliance=0.60 R0= 1.5 random             budget=0.10: steady=0.028
  Harvard1     compliance=0.60 R0= 1.5 random             budget=0.20: steady=0.013
  Harvard1     compliance=0.60 R0= 1.5 betweenness        budget=0.00: steady=0.047
  Harvard1     compliance=0.60 R0= 1.5 betweenness        budget=0.01: steady=0.045
  Harvard1     compliance=0.60 R0= 1.5 betweenness        budget=0.05: steady=0.040
  Harvard1     compliance=0.60 R0= 1.5 betweenness        budget=0.10: steady=0.033
  Harvard1     compliance=0.60 R0= 1.5 betweenness        budget=0.20: steady=0.019
  Harvard1     compliance=0.60 R0= 1.5 distance_threshold budget=0.00: steady=0.047
  Harvard1     compliance=0.60 R0= 1.5 distance_threshold budget=0.01: steady=0.044
  Harvard1     compliance=0.60 R0= 1.5 distance_threshold budget=0.05: steady=0.035
  Harvard1     compliance=0.60 R0= 1.5 distance_threshold budget=0.10: steady=0.023
  Harvard1     compliance=0.60 R0= 1.5 distance_threshold budget=0.20: steady=0.009
  Harvard1     compliance=0.60 R0= 1.5 gnn                budget=0.00: steady=0.047
  Harvard1     compliance=0.60 R0= 1.5 gnn                budget=0.01: steady=0.037
  Harvard1     compliance=0.60 R0= 1.5 gnn                budget=0.05: steady=0.016
  Harvard1     compliance=0.60 R0= 1.5 gnn                budget=0.10: steady=0.005
  Harvard1     compliance=0.60 R0= 1.5 gnn                budget=0.20: steady=0.001
  Harvard1     compliance=0.60 R0= 3.0 random             budget=0.00: steady=0.295
  Harvard1     compliance=0.60 R0= 3.0 random             budget=0.01: steady=0.294
  Harvard1     compliance=0.60 R0= 3.0 random             budget=0.05: steady=0.287
  Harvard1     compliance=0.60 R0= 3.0 random             budget=0.10: steady=0.279
  Harvard1     compliance=0.60 R0= 3.0 random             budget=0.20: steady=0.261
  Harvard1     compliance=0.60 R0= 3.0 betweenness        budget=0.00: steady=0.295
  Harvard1     compliance=0.60 R0= 3.0 betweenness        budget=0.01: steady=0.293
  Harvard1     compliance=0.60 R0= 3.0 betweenness        budget=0.05: steady=0.285
  Harvard1     compliance=0.60 R0= 3.0 betweenness        budget=0.10: steady=0.275
  Harvard1     compliance=0.60 R0= 3.0 betweenness        budget=0.20: steady=0.256
  Harvard1     compliance=0.60 R0= 3.0 distance_threshold budget=0.00: steady=0.295
  Harvard1     compliance=0.60 R0= 3.0 distance_threshold budget=0.01: steady=0.294
  Harvard1     compliance=0.60 R0= 3.0 distance_threshold budget=0.05: steady=0.286
  Harvard1     compliance=0.60 R0= 3.0 distance_threshold budget=0.10: steady=0.277
  Harvard1     compliance=0.60 R0= 3.0 distance_threshold budget=0.20: steady=0.252
  Harvard1     compliance=0.60 R0= 3.0 gnn                budget=0.00: steady=0.295
  Harvard1     compliance=0.60 R0= 3.0 gnn                budget=0.01: steady=0.295
  Harvard1     compliance=0.60 R0= 3.0 gnn                budget=0.05: steady=0.290
  Harvard1     compliance=0.60 R0= 3.0 gnn                budget=0.10: steady=0.283
  Harvard1     compliance=0.60 R0= 3.0 gnn                budget=0.20: steady=0.263
  Penn94       compliance=1.00 R0= 1.5 random             budget=0.00: steady=0.012
  Penn94       compliance=1.00 R0= 1.5 random             budget=0.01: steady=0.011
  Penn94       compliance=1.00 R0= 1.5 random             budget=0.05: steady=0.007
  Penn94       compliance=1.00 R0= 1.5 random             budget=0.10: steady=0.004
  Penn94       compliance=1.00 R0= 1.5 random             budget=0.20: steady=0.001
  Penn94       compliance=1.00 R0= 1.5 betweenness        budget=0.00: steady=0.012
  Penn94       compliance=1.00 R0= 1.5 betweenness        budget=0.01: steady=0.009
  Penn94       compliance=1.00 R0= 1.5 betweenness        budget=0.05: steady=0.001
  Penn94       compliance=1.00 R0= 1.5 betweenness        budget=0.10: steady=0.000
  Penn94       compliance=1.00 R0= 1.5 betweenness        budget=0.20: steady=0.000
  Penn94       compliance=1.00 R0= 1.5 distance_threshold budget=0.00: steady=0.012
  Penn94       compliance=1.00 R0= 1.5 distance_threshold budget=0.01: steady=0.010
  Penn94       compliance=1.00 R0= 1.5 distance_threshold budget=0.05: steady=0.004
  Penn94       compliance=1.00 R0= 1.5 distance_threshold budget=0.10: steady=0.001
  Penn94       compliance=1.00 R0= 1.5 distance_threshold budget=0.20: steady=0.000
  Penn94       compliance=1.00 R0= 1.5 gnn                budget=0.00: steady=0.012
  Penn94       compliance=1.00 R0= 1.5 gnn                budget=0.01: steady=0.003
  Penn94       compliance=1.00 R0= 1.5 gnn                budget=0.05: steady=0.000
  Penn94       compliance=1.00 R0= 1.5 gnn                budget=0.10: steady=0.000
  Penn94       compliance=1.00 R0= 1.5 gnn                budget=0.20: steady=0.000
  Penn94       compliance=1.00 R0= 3.0 random             budget=0.00: steady=0.229
  Penn94       compliance=1.00 R0= 3.0 random             budget=0.01: steady=0.226
  Penn94       compliance=1.00 R0= 3.0 random             budget=0.05: steady=0.214
  Penn94       compliance=1.00 R0= 3.0 random             budget=0.10: steady=0.185
  Penn94       compliance=1.00 R0= 3.0 random             budget=0.20: steady=0.143
  Penn94       compliance=1.00 R0= 3.0 betweenness        budget=0.00: steady=0.229
  Penn94       compliance=1.00 R0= 3.0 betweenness        budget=0.01: steady=0.225
  Penn94       compliance=1.00 R0= 3.0 betweenness        budget=0.05: steady=0.207
  Penn94       compliance=1.00 R0= 3.0 betweenness        budget=0.10: steady=0.183
  Penn94       compliance=1.00 R0= 3.0 betweenness        budget=0.20: steady=0.123
  Penn94       compliance=1.00 R0= 3.0 distance_threshold budget=0.00: steady=0.229
  Penn94       compliance=1.00 R0= 3.0 distance_threshold budget=0.01: steady=0.225
  Penn94       compliance=1.00 R0= 3.0 distance_threshold budget=0.05: steady=0.209
  Penn94       compliance=1.00 R0= 3.0 distance_threshold budget=0.10: steady=0.189
  Penn94       compliance=1.00 R0= 3.0 distance_threshold budget=0.20: steady=0.120
  Penn94       compliance=1.00 R0= 3.0 gnn                budget=0.00: steady=0.229
  Penn94       compliance=1.00 R0= 3.0 gnn                budget=0.01: steady=0.225
  Penn94       compliance=1.00 R0= 3.0 gnn                budget=0.05: steady=0.197
  Penn94       compliance=1.00 R0= 3.0 gnn                budget=0.10: steady=0.154
  Penn94       compliance=1.00 R0= 3.0 gnn                budget=0.20: steady=0.041
  Penn94       compliance=0.80 R0= 1.5 random             budget=0.00: steady=0.012
  Penn94       compliance=0.80 R0= 1.5 random             budget=0.01: steady=0.012
  Penn94       compliance=0.80 R0= 1.5 random             budget=0.05: steady=0.009
  Penn94       compliance=0.80 R0= 1.5 random             budget=0.10: steady=0.006
  Penn94       compliance=0.80 R0= 1.5 random             budget=0.20: steady=0.002
  Penn94       compliance=0.80 R0= 1.5 betweenness        budget=0.00: steady=0.012
  Penn94       compliance=0.80 R0= 1.5 betweenness        budget=0.01: steady=0.010
  Penn94       compliance=0.80 R0= 1.5 betweenness        budget=0.05: steady=0.002
  Penn94       compliance=0.80 R0= 1.5 betweenness        budget=0.10: steady=0.001
  Penn94       compliance=0.80 R0= 1.5 betweenness        budget=0.20: steady=0.000
  Penn94       compliance=0.80 R0= 1.5 distance_threshold budget=0.00: steady=0.012
  Penn94       compliance=0.80 R0= 1.5 distance_threshold budget=0.01: steady=0.010
  Penn94       compliance=0.80 R0= 1.5 distance_threshold budget=0.05: steady=0.005
  Penn94       compliance=0.80 R0= 1.5 distance_threshold budget=0.10: steady=0.003
  Penn94       compliance=0.80 R0= 1.5 distance_threshold budget=0.20: steady=0.000
  Penn94       compliance=0.80 R0= 1.5 gnn                budget=0.00: steady=0.012
  Penn94       compliance=0.80 R0= 1.5 gnn                budget=0.01: steady=0.004
  Penn94       compliance=0.80 R0= 1.5 gnn                budget=0.05: steady=0.000
  Penn94       compliance=0.80 R0= 1.5 gnn                budget=0.10: steady=0.000
  Penn94       compliance=0.80 R0= 1.5 gnn                budget=0.20: steady=0.000
  Penn94       compliance=0.80 R0= 3.0 random             budget=0.00: steady=0.229
  Penn94       compliance=0.80 R0= 3.0 random             budget=0.01: steady=0.227
  Penn94       compliance=0.80 R0= 3.0 random             budget=0.05: steady=0.217
  Penn94       compliance=0.80 R0= 3.0 random             budget=0.10: steady=0.196
  Penn94       compliance=0.80 R0= 3.0 random             budget=0.20: steady=0.162
  Penn94       compliance=0.80 R0= 3.0 betweenness        budget=0.00: steady=0.229
  Penn94       compliance=0.80 R0= 3.0 betweenness        budget=0.01: steady=0.226
  Penn94       compliance=0.80 R0= 3.0 betweenness        budget=0.05: steady=0.211
  Penn94       compliance=0.80 R0= 3.0 betweenness        budget=0.10: steady=0.192
  Penn94       compliance=0.80 R0= 3.0 betweenness        budget=0.20: steady=0.145
  Penn94       compliance=0.80 R0= 3.0 distance_threshold budget=0.00: steady=0.229
  Penn94       compliance=0.80 R0= 3.0 distance_threshold budget=0.01: steady=0.226
  Penn94       compliance=0.80 R0= 3.0 distance_threshold budget=0.05: steady=0.214
  Penn94       compliance=0.80 R0= 3.0 distance_threshold budget=0.10: steady=0.198
  Penn94       compliance=0.80 R0= 3.0 distance_threshold budget=0.20: steady=0.147
  Penn94       compliance=0.80 R0= 3.0 gnn                budget=0.00: steady=0.229
  Penn94       compliance=0.80 R0= 3.0 gnn                budget=0.01: steady=0.226
  Penn94       compliance=0.80 R0= 3.0 gnn                budget=0.05: steady=0.203
  Penn94       compliance=0.80 R0= 3.0 gnn                budget=0.10: steady=0.175
  Penn94       compliance=0.80 R0= 3.0 gnn                budget=0.20: steady=0.074
  Penn94       compliance=0.60 R0= 1.5 random             budget=0.00: steady=0.012
  Penn94       compliance=0.60 R0= 1.5 random             budget=0.01: steady=0.012
  Penn94       compliance=0.60 R0= 1.5 random             budget=0.05: steady=0.009
  Penn94       compliance=0.60 R0= 1.5 random             budget=0.10: steady=0.007
  Penn94       compliance=0.60 R0= 1.5 random             budget=0.20: steady=0.002
  Penn94       compliance=0.60 R0= 1.5 betweenness        budget=0.00: steady=0.012
  Penn94       compliance=0.60 R0= 1.5 betweenness        budget=0.01: steady=0.010
  Penn94       compliance=0.60 R0= 1.5 betweenness        budget=0.05: steady=0.003
  Penn94       compliance=0.60 R0= 1.5 betweenness        budget=0.10: steady=0.001
  Penn94       compliance=0.60 R0= 1.5 betweenness        budget=0.20: steady=0.000
  Penn94       compliance=0.60 R0= 1.5 distance_threshold budget=0.00: steady=0.012
  Penn94       compliance=0.60 R0= 1.5 distance_threshold budget=0.01: steady=0.011
  Penn94       compliance=0.60 R0= 1.5 distance_threshold budget=0.05: steady=0.007
  Penn94       compliance=0.60 R0= 1.5 distance_threshold budget=0.10: steady=0.004
  Penn94       compliance=0.60 R0= 1.5 distance_threshold budget=0.20: steady=0.001
  Penn94       compliance=0.60 R0= 1.5 gnn                budget=0.00: steady=0.012
  Penn94       compliance=0.60 R0= 1.5 gnn                budget=0.01: steady=0.006
  Penn94       compliance=0.60 R0= 1.5 gnn                budget=0.05: steady=0.001
  Penn94       compliance=0.60 R0= 1.5 gnn                budget=0.10: steady=0.000
  Penn94       compliance=0.60 R0= 1.5 gnn                budget=0.20: steady=0.000
  Penn94       compliance=0.60 R0= 3.0 random             budget=0.00: steady=0.229
  Penn94       compliance=0.60 R0= 3.0 random             budget=0.01: steady=0.228
  Penn94       compliance=0.60 R0= 3.0 random             budget=0.05: steady=0.220
  Penn94       compliance=0.60 R0= 3.0 random             budget=0.10: steady=0.202
  Penn94       compliance=0.60 R0= 3.0 random             budget=0.20: steady=0.182
  Penn94       compliance=0.60 R0= 3.0 betweenness        budget=0.00: steady=0.229
  Penn94       compliance=0.60 R0= 3.0 betweenness        budget=0.01: steady=0.227
  Penn94       compliance=0.60 R0= 3.0 betweenness        budget=0.05: steady=0.216
  Penn94       compliance=0.60 R0= 3.0 betweenness        budget=0.10: steady=0.204
  Penn94       compliance=0.60 R0= 3.0 betweenness        budget=0.20: steady=0.164
  Penn94       compliance=0.60 R0= 3.0 distance_threshold budget=0.00: steady=0.229
  Penn94       compliance=0.60 R0= 3.0 distance_threshold budget=0.01: steady=0.227
  Penn94       compliance=0.60 R0= 3.0 distance_threshold budget=0.05: steady=0.218
  Penn94       compliance=0.60 R0= 3.0 distance_threshold budget=0.10: steady=0.206
  Penn94       compliance=0.60 R0= 3.0 distance_threshold budget=0.20: steady=0.169
  Penn94       compliance=0.60 R0= 3.0 gnn                budget=0.00: steady=0.229
  Penn94       compliance=0.60 R0= 3.0 gnn                budget=0.01: steady=0.227
  Penn94       compliance=0.60 R0= 3.0 gnn                budget=0.05: steady=0.214
  Penn94       compliance=0.60 R0= 3.0 gnn                budget=0.10: steady=0.190
  Penn94       compliance=0.60 R0= 3.0 gnn                budget=0.20: steady=0.129
  Tennessee95  compliance=1.00 R0= 1.5 random             budget=0.00: steady=0.035
  Tennessee95  compliance=1.00 R0= 1.5 random             budget=0.01: steady=0.032
  Tennessee95  compliance=1.00 R0= 1.5 random             budget=0.05: steady=0.023
  Tennessee95  compliance=1.00 R0= 1.5 random             budget=0.10: steady=0.012
  Tennessee95  compliance=1.00 R0= 1.5 random             budget=0.20: steady=0.002
  Tennessee95  compliance=1.00 R0= 1.5 betweenness        budget=0.00: steady=0.035
  Tennessee95  compliance=1.00 R0= 1.5 betweenness        budget=0.01: steady=0.031
  Tennessee95  compliance=1.00 R0= 1.5 betweenness        budget=0.05: steady=0.021
  Tennessee95  compliance=1.00 R0= 1.5 betweenness        budget=0.10: steady=0.011
  Tennessee95  compliance=1.00 R0= 1.5 betweenness        budget=0.20: steady=0.004
  Tennessee95  compliance=1.00 R0= 1.5 distance_threshold budget=0.00: steady=0.035
  Tennessee95  compliance=1.00 R0= 1.5 distance_threshold budget=0.01: steady=0.030
  Tennessee95  compliance=1.00 R0= 1.5 distance_threshold budget=0.05: steady=0.019
  Tennessee95  compliance=1.00 R0= 1.5 distance_threshold budget=0.10: steady=0.008
  Tennessee95  compliance=1.00 R0= 1.5 distance_threshold budget=0.20: steady=0.002
  Tennessee95  compliance=1.00 R0= 1.5 gnn                budget=0.00: steady=0.035
  Tennessee95  compliance=1.00 R0= 1.5 gnn                budget=0.01: steady=0.020
  Tennessee95  compliance=1.00 R0= 1.5 gnn                budget=0.05: steady=0.003
  Tennessee95  compliance=1.00 R0= 1.5 gnn                budget=0.10: steady=0.000
  Tennessee95  compliance=1.00 R0= 1.5 gnn                budget=0.20: steady=0.000
  Tennessee95  compliance=1.00 R0= 3.0 random             budget=0.00: steady=0.287
  Tennessee95  compliance=1.00 R0= 3.0 random             budget=0.01: steady=0.284
  Tennessee95  compliance=1.00 R0= 3.0 random             budget=0.05: steady=0.271
  Tennessee95  compliance=1.00 R0= 3.0 random             budget=0.10: steady=0.250
  Tennessee95  compliance=1.00 R0= 3.0 random             budget=0.20: steady=0.206
  Tennessee95  compliance=1.00 R0= 3.0 betweenness        budget=0.00: steady=0.287
  Tennessee95  compliance=1.00 R0= 3.0 betweenness        budget=0.01: steady=0.282
  Tennessee95  compliance=1.00 R0= 3.0 betweenness        budget=0.05: steady=0.263
  Tennessee95  compliance=1.00 R0= 3.0 betweenness        budget=0.10: steady=0.246
  Tennessee95  compliance=1.00 R0= 3.0 betweenness        budget=0.20: steady=0.205
  Tennessee95  compliance=1.00 R0= 3.0 distance_threshold budget=0.00: steady=0.287
  Tennessee95  compliance=1.00 R0= 3.0 distance_threshold budget=0.01: steady=0.283
  Tennessee95  compliance=1.00 R0= 3.0 distance_threshold budget=0.05: steady=0.269
  Tennessee95  compliance=1.00 R0= 3.0 distance_threshold budget=0.10: steady=0.249
  Tennessee95  compliance=1.00 R0= 3.0 distance_threshold budget=0.20: steady=0.198
  Tennessee95  compliance=1.00 R0= 3.0 gnn                budget=0.00: steady=0.287
  Tennessee95  compliance=1.00 R0= 3.0 gnn                budget=0.01: steady=0.284
  Tennessee95  compliance=1.00 R0= 3.0 gnn                budget=0.05: steady=0.272
  Tennessee95  compliance=1.00 R0= 3.0 gnn                budget=0.10: steady=0.249
  Tennessee95  compliance=1.00 R0= 3.0 gnn                budget=0.20: steady=0.162
  Tennessee95  compliance=0.80 R0= 1.5 random             budget=0.00: steady=0.035
  Tennessee95  compliance=0.80 R0= 1.5 random             budget=0.01: steady=0.033
  Tennessee95  compliance=0.80 R0= 1.5 random             budget=0.05: steady=0.024
  Tennessee95  compliance=0.80 R0= 1.5 random             budget=0.10: steady=0.015
  Tennessee95  compliance=0.80 R0= 1.5 random             budget=0.20: steady=0.004
  Tennessee95  compliance=0.80 R0= 1.5 betweenness        budget=0.00: steady=0.035
  Tennessee95  compliance=0.80 R0= 1.5 betweenness        budget=0.01: steady=0.032
  Tennessee95  compliance=0.80 R0= 1.5 betweenness        budget=0.05: steady=0.022
  Tennessee95  compliance=0.80 R0= 1.5 betweenness        budget=0.10: steady=0.013
  Tennessee95  compliance=0.80 R0= 1.5 betweenness        budget=0.20: steady=0.005
  Tennessee95  compliance=0.80 R0= 1.5 distance_threshold budget=0.00: steady=0.035
  Tennessee95  compliance=0.80 R0= 1.5 distance_threshold budget=0.01: steady=0.031
  Tennessee95  compliance=0.80 R0= 1.5 distance_threshold budget=0.05: steady=0.022
  Tennessee95  compliance=0.80 R0= 1.5 distance_threshold budget=0.10: steady=0.012
  Tennessee95  compliance=0.80 R0= 1.5 distance_threshold budget=0.20: steady=0.003
  Tennessee95  compliance=0.80 R0= 1.5 gnn                budget=0.00: steady=0.035
  Tennessee95  compliance=0.80 R0= 1.5 gnn                budget=0.01: steady=0.022
  Tennessee95  compliance=0.80 R0= 1.5 gnn                budget=0.05: steady=0.004
  Tennessee95  compliance=0.80 R0= 1.5 gnn                budget=0.10: steady=0.001
  Tennessee95  compliance=0.80 R0= 1.5 gnn                budget=0.20: steady=0.000
  Tennessee95  compliance=0.80 R0= 3.0 random             budget=0.00: steady=0.287
  Tennessee95  compliance=0.80 R0= 3.0 random             budget=0.01: steady=0.284
  Tennessee95  compliance=0.80 R0= 3.0 random             budget=0.05: steady=0.274
  Tennessee95  compliance=0.80 R0= 3.0 random             budget=0.10: steady=0.256
  Tennessee95  compliance=0.80 R0= 3.0 random             budget=0.20: steady=0.220
  Tennessee95  compliance=0.80 R0= 3.0 betweenness        budget=0.00: steady=0.287
  Tennessee95  compliance=0.80 R0= 3.0 betweenness        budget=0.01: steady=0.283
  Tennessee95  compliance=0.80 R0= 3.0 betweenness        budget=0.05: steady=0.272
  Tennessee95  compliance=0.80 R0= 3.0 betweenness        budget=0.10: steady=0.253
  Tennessee95  compliance=0.80 R0= 3.0 betweenness        budget=0.20: steady=0.223
  Tennessee95  compliance=0.80 R0= 3.0 distance_threshold budget=0.00: steady=0.287
  Tennessee95  compliance=0.80 R0= 3.0 distance_threshold budget=0.01: steady=0.284
  Tennessee95  compliance=0.80 R0= 3.0 distance_threshold budget=0.05: steady=0.272
  Tennessee95  compliance=0.80 R0= 3.0 distance_threshold budget=0.10: steady=0.257
  Tennessee95  compliance=0.80 R0= 3.0 distance_threshold budget=0.20: steady=0.216
  Tennessee95  compliance=0.80 R0= 3.0 gnn                budget=0.00: steady=0.287
  Tennessee95  compliance=0.80 R0= 3.0 gnn                budget=0.01: steady=0.285
  Tennessee95  compliance=0.80 R0= 3.0 gnn                budget=0.05: steady=0.275
  Tennessee95  compliance=0.80 R0= 3.0 gnn                budget=0.10: steady=0.259
  Tennessee95  compliance=0.80 R0= 3.0 gnn                budget=0.20: steady=0.203
  Tennessee95  compliance=0.60 R0= 1.5 random             budget=0.00: steady=0.035
  Tennessee95  compliance=0.60 R0= 1.5 random             budget=0.01: steady=0.032
  Tennessee95  compliance=0.60 R0= 1.5 random             budget=0.05: steady=0.027
  Tennessee95  compliance=0.60 R0= 1.5 random             budget=0.10: steady=0.019
  Tennessee95  compliance=0.60 R0= 1.5 random             budget=0.20: steady=0.009
  Tennessee95  compliance=0.60 R0= 1.5 betweenness        budget=0.00: steady=0.035
  Tennessee95  compliance=0.60 R0= 1.5 betweenness        budget=0.01: steady=0.032
  Tennessee95  compliance=0.60 R0= 1.5 betweenness        budget=0.05: steady=0.024
  Tennessee95  compliance=0.60 R0= 1.5 betweenness        budget=0.10: steady=0.016
  Tennessee95  compliance=0.60 R0= 1.5 betweenness        budget=0.20: steady=0.008
  Tennessee95  compliance=0.60 R0= 1.5 distance_threshold budget=0.00: steady=0.035
  Tennessee95  compliance=0.60 R0= 1.5 distance_threshold budget=0.01: steady=0.032
  Tennessee95  compliance=0.60 R0= 1.5 distance_threshold budget=0.05: steady=0.025
  Tennessee95  compliance=0.60 R0= 1.5 distance_threshold budget=0.10: steady=0.015
  Tennessee95  compliance=0.60 R0= 1.5 distance_threshold budget=0.20: steady=0.007
  Tennessee95  compliance=0.60 R0= 1.5 gnn                budget=0.00: steady=0.035
  Tennessee95  compliance=0.60 R0= 1.5 gnn                budget=0.01: steady=0.024
  Tennessee95  compliance=0.60 R0= 1.5 gnn                budget=0.05: steady=0.007
  Tennessee95  compliance=0.60 R0= 1.5 gnn                budget=0.10: steady=0.002
  Tennessee95  compliance=0.60 R0= 1.5 gnn                budget=0.20: steady=0.000
  Tennessee95  compliance=0.60 R0= 3.0 random             budget=0.00: steady=0.287
  Tennessee95  compliance=0.60 R0= 3.0 random             budget=0.01: steady=0.285
  Tennessee95  compliance=0.60 R0= 3.0 random             budget=0.05: steady=0.278
  Tennessee95  compliance=0.60 R0= 3.0 random             budget=0.10: steady=0.268
  Tennessee95  compliance=0.60 R0= 3.0 random             budget=0.20: steady=0.234
  Tennessee95  compliance=0.60 R0= 3.0 betweenness        budget=0.00: steady=0.287
  Tennessee95  compliance=0.60 R0= 3.0 betweenness        budget=0.01: steady=0.284
  Tennessee95  compliance=0.60 R0= 3.0 betweenness        budget=0.05: steady=0.270
  Tennessee95  compliance=0.60 R0= 3.0 betweenness        budget=0.10: steady=0.260
  Tennessee95  compliance=0.60 R0= 3.0 betweenness        budget=0.20: steady=0.238
  Tennessee95  compliance=0.60 R0= 3.0 distance_threshold budget=0.00: steady=0.287
  Tennessee95  compliance=0.60 R0= 3.0 distance_threshold budget=0.01: steady=0.284
  Tennessee95  compliance=0.60 R0= 3.0 distance_threshold budget=0.05: steady=0.276
  Tennessee95  compliance=0.60 R0= 3.0 distance_threshold budget=0.10: steady=0.265
  Tennessee95  compliance=0.60 R0= 3.0 distance_threshold budget=0.20: steady=0.243
  Tennessee95  compliance=0.60 R0= 3.0 gnn                budget=0.00: steady=0.287
  Tennessee95  compliance=0.60 R0= 3.0 gnn                budget=0.01: steady=0.285
  Tennessee95  compliance=0.60 R0= 3.0 gnn                budget=0.05: steady=0.279
  Tennessee95  compliance=0.60 R0= 3.0 gnn                budget=0.10: steady=0.268
  Tennessee95  compliance=0.60 R0= 3.0 gnn                budget=0.20: steady=0.239

[saved] /Users/karlovrancic/Documents/projects/stat175/project/results/robustness_compliance.parquet  (600 rows)
  Caltech36    SIR R0= 1.5 random             budget=0.00: final=0.248
  Caltech36    SIR R0= 1.5 random             budget=0.01: final=0.242
  Caltech36    SIR R0= 1.5 random             budget=0.05: final=0.200
  Caltech36    SIR R0= 1.5 random             budget=0.10: final=0.162
  Caltech36    SIR R0= 1.5 random             budget=0.20: final=0.099
  Caltech36    SIR R0= 1.5 betweenness        budget=0.00: final=0.248
  Caltech36    SIR R0= 1.5 betweenness        budget=0.01: final=0.259
  Caltech36    SIR R0= 1.5 betweenness        budget=0.05: final=0.194
  Caltech36    SIR R0= 1.5 betweenness        budget=0.10: final=0.182
  Caltech36    SIR R0= 1.5 betweenness        budget=0.20: final=0.090
  Caltech36    SIR R0= 1.5 distance_threshold budget=0.00: final=0.248
  Caltech36    SIR R0= 1.5 distance_threshold budget=0.01: final=0.233
  Caltech36    SIR R0= 1.5 distance_threshold budget=0.05: final=0.214
  Caltech36    SIR R0= 1.5 distance_threshold budget=0.10: final=0.149
  Caltech36    SIR R0= 1.5 distance_threshold budget=0.20: final=0.089
  Caltech36    SIR R0= 1.5 gnn                budget=0.00: final=0.248
  Caltech36    SIR R0= 1.5 gnn                budget=0.01: final=0.230
  Caltech36    SIR R0= 1.5 gnn                budget=0.05: final=0.167
  Caltech36    SIR R0= 1.5 gnn                budget=0.10: final=0.116
  Caltech36    SIR R0= 1.5 gnn                budget=0.20: final=0.064
  Caltech36    SIR R0= 3.0 random             budget=0.00: final=0.618
  Caltech36    SIR R0= 3.0 random             budget=0.01: final=0.611
  Caltech36    SIR R0= 3.0 random             budget=0.05: final=0.585
  Caltech36    SIR R0= 3.0 random             budget=0.10: final=0.565
  Caltech36    SIR R0= 3.0 random             budget=0.20: final=0.525
  Caltech36    SIR R0= 3.0 betweenness        budget=0.00: final=0.618
  Caltech36    SIR R0= 3.0 betweenness        budget=0.01: final=0.609
  Caltech36    SIR R0= 3.0 betweenness        budget=0.05: final=0.579
  Caltech36    SIR R0= 3.0 betweenness        budget=0.10: final=0.553
  Caltech36    SIR R0= 3.0 betweenness        budget=0.20: final=0.520
  Caltech36    SIR R0= 3.0 distance_threshold budget=0.00: final=0.618
  Caltech36    SIR R0= 3.0 distance_threshold budget=0.01: final=0.610
  Caltech36    SIR R0= 3.0 distance_threshold budget=0.05: final=0.591
  Caltech36    SIR R0= 3.0 distance_threshold budget=0.10: final=0.579
  Caltech36    SIR R0= 3.0 distance_threshold budget=0.20: final=0.520
  Caltech36    SIR R0= 3.0 gnn                budget=0.00: final=0.618
  Caltech36    SIR R0= 3.0 gnn                budget=0.01: final=0.615
  Caltech36    SIR R0= 3.0 gnn                budget=0.05: final=0.611
  Caltech36    SIR R0= 3.0 gnn                budget=0.10: final=0.594
  Caltech36    SIR R0= 3.0 gnn                budget=0.20: final=0.532
  Bowdoin47    SIR R0= 1.5 random             budget=0.00: final=0.224
  Bowdoin47    SIR R0= 1.5 random             budget=0.01: final=0.206
  Bowdoin47    SIR R0= 1.5 random             budget=0.05: final=0.162
  Bowdoin47    SIR R0= 1.5 random             budget=0.10: final=0.130
  Bowdoin47    SIR R0= 1.5 random             budget=0.20: final=0.073
  Bowdoin47    SIR R0= 1.5 betweenness        budget=0.00: final=0.224
  Bowdoin47    SIR R0= 1.5 betweenness        budget=0.01: final=0.240
  Bowdoin47    SIR R0= 1.5 betweenness        budget=0.05: final=0.200
  Bowdoin47    SIR R0= 1.5 betweenness        budget=0.10: final=0.129
  Bowdoin47    SIR R0= 1.5 betweenness        budget=0.20: final=0.090
  Bowdoin47    SIR R0= 1.5 distance_threshold budget=0.00: final=0.224
  Bowdoin47    SIR R0= 1.5 distance_threshold budget=0.01: final=0.210
  Bowdoin47    SIR R0= 1.5 distance_threshold budget=0.05: final=0.167
  Bowdoin47    SIR R0= 1.5 distance_threshold budget=0.10: final=0.128
  Bowdoin47    SIR R0= 1.5 distance_threshold budget=0.20: final=0.055
  Bowdoin47    SIR R0= 1.5 gnn                budget=0.00: final=0.224
  Bowdoin47    SIR R0= 1.5 gnn                budget=0.01: final=0.214
  Bowdoin47    SIR R0= 1.5 gnn                budget=0.05: final=0.144
  Bowdoin47    SIR R0= 1.5 gnn                budget=0.10: final=0.083
  Bowdoin47    SIR R0= 1.5 gnn                budget=0.20: final=0.029
  Bowdoin47    SIR R0= 3.0 random             budget=0.00: final=0.633
  Bowdoin47    SIR R0= 3.0 random             budget=0.01: final=0.627
  Bowdoin47    SIR R0= 3.0 random             budget=0.05: final=0.613
  Bowdoin47    SIR R0= 3.0 random             budget=0.10: final=0.594
  Bowdoin47    SIR R0= 3.0 random             budget=0.20: final=0.535
  Bowdoin47    SIR R0= 3.0 betweenness        budget=0.00: final=0.633
  Bowdoin47    SIR R0= 3.0 betweenness        budget=0.01: final=0.622
  Bowdoin47    SIR R0= 3.0 betweenness        budget=0.05: final=0.598
  Bowdoin47    SIR R0= 3.0 betweenness        budget=0.10: final=0.553
  Bowdoin47    SIR R0= 3.0 betweenness        budget=0.20: final=0.472
  Bowdoin47    SIR R0= 3.0 distance_threshold budget=0.00: final=0.633
  Bowdoin47    SIR R0= 3.0 distance_threshold budget=0.01: final=0.627
  Bowdoin47    SIR R0= 3.0 distance_threshold budget=0.05: final=0.616
  Bowdoin47    SIR R0= 3.0 distance_threshold budget=0.10: final=0.580
  Bowdoin47    SIR R0= 3.0 distance_threshold budget=0.20: final=0.518
  Bowdoin47    SIR R0= 3.0 gnn                budget=0.00: final=0.633
  Bowdoin47    SIR R0= 3.0 gnn                budget=0.01: final=0.630
  Bowdoin47    SIR R0= 3.0 gnn                budget=0.05: final=0.630
  Bowdoin47    SIR R0= 3.0 gnn                budget=0.10: final=0.610
  Bowdoin47    SIR R0= 3.0 gnn                budget=0.20: final=0.554
  Harvard1     SIR R0= 1.5 random             budget=0.00: final=0.149
  Harvard1     SIR R0= 1.5 random             budget=0.01: final=0.146
  Harvard1     SIR R0= 1.5 random             budget=0.05: final=0.118
  Harvard1     SIR R0= 1.5 random             budget=0.10: final=0.081
  Harvard1     SIR R0= 1.5 random             budget=0.20: final=0.024
  Harvard1     SIR R0= 1.5 betweenness        budget=0.00: final=0.149
  Harvard1     SIR R0= 1.5 betweenness        budget=0.01: final=0.146
  Harvard1     SIR R0= 1.5 betweenness        budget=0.05: final=0.110
  Harvard1     SIR R0= 1.5 betweenness        budget=0.10: final=0.085
  Harvard1     SIR R0= 1.5 betweenness        budget=0.20: final=0.046
  Harvard1     SIR R0= 1.5 distance_threshold budget=0.00: final=0.149
  Harvard1     SIR R0= 1.5 distance_threshold budget=0.01: final=0.108
  Harvard1     SIR R0= 1.5 distance_threshold budget=0.05: final=0.088
  Harvard1     SIR R0= 1.5 distance_threshold budget=0.10: final=0.061
  Harvard1     SIR R0= 1.5 distance_threshold budget=0.20: final=0.009
  Harvard1     SIR R0= 1.5 gnn                budget=0.00: final=0.149
  Harvard1     SIR R0= 1.5 gnn                budget=0.01: final=0.127
  Harvard1     SIR R0= 1.5 gnn                budget=0.05: final=0.056
  Harvard1     SIR R0= 1.5 gnn                budget=0.10: final=0.023
  Harvard1     SIR R0= 1.5 gnn                budget=0.20: final=0.004
  Harvard1     SIR R0= 3.0 random             budget=0.00: final=0.460
  Harvard1     SIR R0= 3.0 random             budget=0.01: final=0.448
  Harvard1     SIR R0= 3.0 random             budget=0.05: final=0.426
  Harvard1     SIR R0= 3.0 random             budget=0.10: final=0.409
  Harvard1     SIR R0= 3.0 random             budget=0.20: final=0.360
  Harvard1     SIR R0= 3.0 betweenness        budget=0.00: final=0.460
  Harvard1     SIR R0= 3.0 betweenness        budget=0.01: final=0.445
  Harvard1     SIR R0= 3.0 betweenness        budget=0.05: final=0.426
  Harvard1     SIR R0= 3.0 betweenness        budget=0.10: final=0.403
  Harvard1     SIR R0= 3.0 betweenness        budget=0.20: final=0.343
  Harvard1     SIR R0= 3.0 distance_threshold budget=0.00: final=0.460
  Harvard1     SIR R0= 3.0 distance_threshold budget=0.01: final=0.457
  Harvard1     SIR R0= 3.0 distance_threshold budget=0.05: final=0.415
  Harvard1     SIR R0= 3.0 distance_threshold budget=0.10: final=0.404
  Harvard1     SIR R0= 3.0 distance_threshold budget=0.20: final=0.345
  Harvard1     SIR R0= 3.0 gnn                budget=0.00: final=0.460
  Harvard1     SIR R0= 3.0 gnn                budget=0.01: final=0.449
  Harvard1     SIR R0= 3.0 gnn                budget=0.05: final=0.455
  Harvard1     SIR R0= 3.0 gnn                budget=0.10: final=0.425
  Harvard1     SIR R0= 3.0 gnn                budget=0.20: final=0.379
  Penn94       SIR R0= 1.5 random             budget=0.00: final=0.045
  Penn94       SIR R0= 1.5 random             budget=0.01: final=0.046
  Penn94       SIR R0= 1.5 random             budget=0.05: final=0.026
  Penn94       SIR R0= 1.5 random             budget=0.10: final=0.014
  Penn94       SIR R0= 1.5 random             budget=0.20: final=0.004
  Penn94       SIR R0= 1.5 betweenness        budget=0.00: final=0.045
  Penn94       SIR R0= 1.5 betweenness        budget=0.01: final=0.045
  Penn94       SIR R0= 1.5 betweenness        budget=0.05: final=0.018
  Penn94       SIR R0= 1.5 betweenness        budget=0.10: final=0.004
  Penn94       SIR R0= 1.5 betweenness        budget=0.20: final=0.001
  Penn94       SIR R0= 1.5 distance_threshold budget=0.00: final=0.045
  Penn94       SIR R0= 1.5 distance_threshold budget=0.01: final=0.037
  Penn94       SIR R0= 1.5 distance_threshold budget=0.05: final=0.019
  Penn94       SIR R0= 1.5 distance_threshold budget=0.10: final=0.009
  Penn94       SIR R0= 1.5 distance_threshold budget=0.20: final=0.002
  Penn94       SIR R0= 1.5 gnn                budget=0.00: final=0.045
  Penn94       SIR R0= 1.5 gnn                budget=0.01: final=0.024
  Penn94       SIR R0= 1.5 gnn                budget=0.05: final=0.005
  Penn94       SIR R0= 1.5 gnn                budget=0.10: final=0.001
  Penn94       SIR R0= 1.5 gnn                budget=0.20: final=0.001
  Penn94       SIR R0= 3.0 random             budget=0.00: final=0.348
  Penn94       SIR R0= 3.0 random             budget=0.01: final=0.351
  Penn94       SIR R0= 3.0 random             budget=0.05: final=0.357
  Penn94       SIR R0= 3.0 random             budget=0.10: final=0.333
  Penn94       SIR R0= 3.0 random             budget=0.20: final=0.248
  Penn94       SIR R0= 3.0 betweenness        budget=0.00: final=0.348
  Penn94       SIR R0= 3.0 betweenness        budget=0.01: final=0.367
  Penn94       SIR R0= 3.0 betweenness        budget=0.05: final=0.356
  Penn94       SIR R0= 3.0 betweenness        budget=0.10: final=0.311
  Penn94       SIR R0= 3.0 betweenness        budget=0.20: final=0.243
  Penn94       SIR R0= 3.0 distance_threshold budget=0.00: final=0.348
  Penn94       SIR R0= 3.0 distance_threshold budget=0.01: final=0.383
  Penn94       SIR R0= 3.0 distance_threshold budget=0.05: final=0.339
  Penn94       SIR R0= 3.0 distance_threshold budget=0.10: final=0.326
  Penn94       SIR R0= 3.0 distance_threshold budget=0.20: final=0.237
  Penn94       SIR R0= 3.0 gnn                budget=0.00: final=0.348
  Penn94       SIR R0= 3.0 gnn                budget=0.01: final=0.353
  Penn94       SIR R0= 3.0 gnn                budget=0.05: final=0.344
  Penn94       SIR R0= 3.0 gnn                budget=0.10: final=0.278
  Penn94       SIR R0= 3.0 gnn                budget=0.20: final=0.226
  Tennessee95  SIR R0= 1.5 random             budget=0.00: final=0.108
  Tennessee95  SIR R0= 1.5 random             budget=0.01: final=0.078
  Tennessee95  SIR R0= 1.5 random             budget=0.05: final=0.092
  Tennessee95  SIR R0= 1.5 random             budget=0.10: final=0.054
  Tennessee95  SIR R0= 1.5 random             budget=0.20: final=0.021
  Tennessee95  SIR R0= 1.5 betweenness        budget=0.00: final=0.108
  Tennessee95  SIR R0= 1.5 betweenness        budget=0.01: final=0.104
  Tennessee95  SIR R0= 1.5 betweenness        budget=0.05: final=0.076
  Tennessee95  SIR R0= 1.5 betweenness        budget=0.10: final=0.063
  Tennessee95  SIR R0= 1.5 betweenness        budget=0.20: final=0.025
  Tennessee95  SIR R0= 1.5 distance_threshold budget=0.00: final=0.108
  Tennessee95  SIR R0= 1.5 distance_threshold budget=0.01: final=0.102
  Tennessee95  SIR R0= 1.5 distance_threshold budget=0.05: final=0.076
  Tennessee95  SIR R0= 1.5 distance_threshold budget=0.10: final=0.035
  Tennessee95  SIR R0= 1.5 distance_threshold budget=0.20: final=0.019
  Tennessee95  SIR R0= 1.5 gnn                budget=0.00: final=0.108
  Tennessee95  SIR R0= 1.5 gnn                budget=0.01: final=0.068
  Tennessee95  SIR R0= 1.5 gnn                budget=0.05: final=0.022
  Tennessee95  SIR R0= 1.5 gnn                budget=0.10: final=0.005
  Tennessee95  SIR R0= 1.5 gnn                budget=0.20: final=0.002
  Tennessee95  SIR R0= 3.0 random             budget=0.00: final=0.433
