[skip] /Users/karlovrancic/Documents/projects/stat175/project/results/robustness_compliance.parquet already exists; pass --force to rerun
  Caltech36    SIR R0= 1.5 random             budget=0.00: final=0.236
  Caltech36    SIR R0= 1.5 random             budget=0.01: final=0.145
  Caltech36    SIR R0= 1.5 random             budget=0.05: final=0.200
  Caltech36    SIR R0= 1.5 random             budget=0.10: final=0.123
  Caltech36    SIR R0= 1.5 random             budget=0.20: final=0.074
  Caltech36    SIR R0= 1.5 betweenness        budget=0.00: final=0.236
  Caltech36    SIR R0= 1.5 betweenness        budget=0.01: final=0.230
  Caltech36    SIR R0= 1.5 betweenness        budget=0.05: final=0.246
  Caltech36    SIR R0= 1.5 betweenness        budget=0.10: final=0.198
  Caltech36    SIR R0= 1.5 betweenness        budget=0.20: final=0.126
  Caltech36    SIR R0= 1.5 distance_threshold budget=0.00: final=0.236
  Caltech36    SIR R0= 1.5 distance_threshold budget=0.01: final=0.212
  Caltech36    SIR R0= 1.5 distance_threshold budget=0.05: final=0.164
  Caltech36    SIR R0= 1.5 distance_threshold budget=0.10: final=0.148
  Caltech36    SIR R0= 1.5 distance_threshold budget=0.20: final=0.072
  Caltech36    SIR R0= 1.5 gnn                budget=0.00: final=0.236
  Caltech36    SIR R0= 1.5 gnn                budget=0.01: final=0.227
  Caltech36    SIR R0= 1.5 gnn                budget=0.05: final=0.153
  Caltech36    SIR R0= 1.5 gnn                budget=0.10: final=0.105
  Caltech36    SIR R0= 1.5 gnn                budget=0.20: final=0.063
  Caltech36    SIR R0= 3.0 random             budget=0.00: final=0.613
  Caltech36    SIR R0= 3.0 random             budget=0.01: final=0.605
  Caltech36    SIR R0= 3.0 random             budget=0.05: final=0.565
  Caltech36    SIR R0= 3.0 random             budget=0.10: final=0.580
  Caltech36    SIR R0= 3.0 random             budget=0.20: final=0.537
  Caltech36    SIR R0= 3.0 betweenness        budget=0.00: final=0.613
  Caltech36    SIR R0= 3.0 betweenness        budget=0.01: final=0.604
  Caltech36    SIR R0= 3.0 betweenness        budget=0.05: final=0.583
  Caltech36    SIR R0= 3.0 betweenness        budget=0.10: final=0.564
  Caltech36    SIR R0= 3.0 betweenness        budget=0.20: final=0.522
  Caltech36    SIR R0= 3.0 distance_threshold budget=0.00: final=0.613
  Caltech36    SIR R0= 3.0 distance_threshold budget=0.01: final=0.608
  Caltech36    SIR R0= 3.0 distance_threshold budget=0.05: final=0.598
  Caltech36    SIR R0= 3.0 distance_threshold budget=0.10: final=0.578
  Caltech36    SIR R0= 3.0 distance_threshold budget=0.20: final=0.528
  Caltech36    SIR R0= 3.0 gnn                budget=0.00: final=0.613
  Caltech36    SIR R0= 3.0 gnn                budget=0.01: final=0.614
  Caltech36    SIR R0= 3.0 gnn                budget=0.05: final=0.618
  Caltech36    SIR R0= 3.0 gnn                budget=0.10: final=0.598
  Caltech36    SIR R0= 3.0 gnn                budget=0.20: final=0.527
  Bowdoin47    SIR R0= 1.5 random             budget=0.00: final=0.201
  Bowdoin47    SIR R0= 1.5 random             budget=0.01: final=0.197
  Bowdoin47    SIR R0= 1.5 random             budget=0.05: final=0.140
  Bowdoin47    SIR R0= 1.5 random             budget=0.10: final=0.118
  Bowdoin47    SIR R0= 1.5 random             budget=0.20: final=0.065
  Bowdoin47    SIR R0= 1.5 betweenness        budget=0.00: final=0.201
  Bowdoin47    SIR R0= 1.5 betweenness        budget=0.01: final=0.196
  Bowdoin47    SIR R0= 1.5 betweenness        budget=0.05: final=0.144
  Bowdoin47    SIR R0= 1.5 betweenness        budget=0.10: final=0.123
  Bowdoin47    SIR R0= 1.5 betweenness        budget=0.20: final=0.042
  Bowdoin47    SIR R0= 1.5 distance_threshold budget=0.00: final=0.201
  Bowdoin47    SIR R0= 1.5 distance_threshold budget=0.01: final=0.188
  Bowdoin47    SIR R0= 1.5 distance_threshold budget=0.05: final=0.150
  Bowdoin47    SIR R0= 1.5 distance_threshold budget=0.10: final=0.081
  Bowdoin47    SIR R0= 1.5 distance_threshold budget=0.20: final=0.046
  Bowdoin47    SIR R0= 1.5 gnn                budget=0.00: final=0.201
  Bowdoin47    SIR R0= 1.5 gnn                budget=0.01: final=0.167
  Bowdoin47    SIR R0= 1.5 gnn                budget=0.05: final=0.083
  Bowdoin47    SIR R0= 1.5 gnn                budget=0.10: final=0.062
  Bowdoin47    SIR R0= 1.5 gnn                budget=0.20: final=0.021
  Bowdoin47    SIR R0= 3.0 random             budget=0.00: final=0.633
  Bowdoin47    SIR R0= 3.0 random             budget=0.01: final=0.623
  Bowdoin47    SIR R0= 3.0 random             budget=0.05: final=0.609
  Bowdoin47    SIR R0= 3.0 random             budget=0.10: final=0.585
  Bowdoin47    SIR R0= 3.0 random             budget=0.20: final=0.533
  Bowdoin47    SIR R0= 3.0 betweenness        budget=0.00: final=0.633
  Bowdoin47    SIR R0= 3.0 betweenness        budget=0.01: final=0.626
  Bowdoin47    SIR R0= 3.0 betweenness        budget=0.05: final=0.592
  Bowdoin47    SIR R0= 3.0 betweenness        budget=0.10: final=0.562
  Bowdoin47    SIR R0= 3.0 betweenness        budget=0.20: final=0.457
  Bowdoin47    SIR R0= 3.0 distance_threshold budget=0.00: final=0.633
  Bowdoin47    SIR R0= 3.0 distance_threshold budget=0.01: final=0.622
  Bowdoin47    SIR R0= 3.0 distance_threshold budget=0.05: final=0.612
  Bowdoin47    SIR R0= 3.0 distance_threshold budget=0.10: final=0.588
  Bowdoin47    SIR R0= 3.0 distance_threshold budget=0.20: final=0.532
  Bowdoin47    SIR R0= 3.0 gnn                budget=0.00: final=0.633
  Bowdoin47    SIR R0= 3.0 gnn                budget=0.01: final=0.628
  Bowdoin47    SIR R0= 3.0 gnn                budget=0.05: final=0.619
  Bowdoin47    SIR R0= 3.0 gnn                budget=0.10: final=0.608
  Bowdoin47    SIR R0= 3.0 gnn                budget=0.20: final=0.555
  Harvard1     SIR R0= 1.5 random             budget=0.00: final=0.091
  Harvard1     SIR R0= 1.5 random             budget=0.01: final=0.087
  Harvard1     SIR R0= 1.5 random             budget=0.05: final=0.056
  Harvard1     SIR R0= 1.5 random             budget=0.10: final=0.030
  Harvard1     SIR R0= 1.5 random             budget=0.20: final=0.016
  Harvard1     SIR R0= 1.5 betweenness        budget=0.00: final=0.091
  Harvard1     SIR R0= 1.5 betweenness        budget=0.01: final=0.089
  Harvard1     SIR R0= 1.5 betweenness        budget=0.05: final=0.076
  Harvard1     SIR R0= 1.5 betweenness        budget=0.10: final=0.064
  Harvard1     SIR R0= 1.5 betweenness        budget=0.20: final=0.035
  Harvard1     SIR R0= 1.5 distance_threshold budget=0.00: final=0.091
  Harvard1     SIR R0= 1.5 distance_threshold budget=0.01: final=0.068
  Harvard1     SIR R0= 1.5 distance_threshold budget=0.05: final=0.060
  Harvard1     SIR R0= 1.5 distance_threshold budget=0.10: final=0.029
  Harvard1     SIR R0= 1.5 distance_threshold budget=0.20: final=0.007
  Harvard1     SIR R0= 1.5 gnn                budget=0.00: final=0.091
  Harvard1     SIR R0= 1.5 gnn                budget=0.01: final=0.076
  Harvard1     SIR R0= 1.5 gnn                budget=0.05: final=0.032
  Harvard1     SIR R0= 1.5 gnn                budget=0.10: final=0.012
  Harvard1     SIR R0= 1.5 gnn                budget=0.20: final=0.005
  Harvard1     SIR R0= 3.0 random             budget=0.00: final=0.459
  Harvard1     SIR R0= 3.0 random             budget=0.01: final=0.456
  Harvard1     SIR R0= 3.0 random             budget=0.05: final=0.442
  Harvard1     SIR R0= 3.0 random             budget=0.10: final=0.424
  Harvard1     SIR R0= 3.0 random             budget=0.20: final=0.382
  Harvard1     SIR R0= 3.0 betweenness        budget=0.00: final=0.459
  Harvard1     SIR R0= 3.0 betweenness        budget=0.01: final=0.454
  Harvard1     SIR R0= 3.0 betweenness        budget=0.05: final=0.434
  Harvard1     SIR R0= 3.0 betweenness        budget=0.10: final=0.390
  Harvard1     SIR R0= 3.0 betweenness        budget=0.20: final=0.349
  Harvard1     SIR R0= 3.0 distance_threshold budget=0.00: final=0.459
  Harvard1     SIR R0= 3.0 distance_threshold budget=0.01: final=0.456
  Harvard1     SIR R0= 3.0 distance_threshold budget=0.05: final=0.440
  Harvard1     SIR R0= 3.0 distance_threshold budget=0.10: final=0.421
  Harvard1     SIR R0= 3.0 distance_threshold budget=0.20: final=0.372
  Harvard1     SIR R0= 3.0 gnn                budget=0.00: final=0.459
  Harvard1     SIR R0= 3.0 gnn                budget=0.01: final=0.459
  Harvard1     SIR R0= 3.0 gnn                budget=0.05: final=0.453
  Harvard1     SIR R0= 3.0 gnn                budget=0.10: final=0.420
  Harvard1     SIR R0= 3.0 gnn                budget=0.20: final=0.366
  Penn94       SIR R0= 1.5 random             budget=0.00: final=0.018
  Penn94       SIR R0= 1.5 random             budget=0.01: final=0.016
  Penn94       SIR R0= 1.5 random             budget=0.05: final=0.011
  Penn94       SIR R0= 1.5 random             budget=0.10: final=0.006
  Penn94       SIR R0= 1.5 random             budget=0.20: final=0.004
  Penn94       SIR R0= 1.5 betweenness        budget=0.00: final=0.018
  Penn94       SIR R0= 1.5 betweenness        budget=0.01: final=0.017
  Penn94       SIR R0= 1.5 betweenness        budget=0.05: final=0.006
  Penn94       SIR R0= 1.5 betweenness        budget=0.10: final=0.003
  Penn94       SIR R0= 1.5 betweenness        budget=0.20: final=0.001
  Penn94       SIR R0= 1.5 distance_threshold budget=0.00: final=0.018
  Penn94       SIR R0= 1.5 distance_threshold budget=0.01: final=0.015
  Penn94       SIR R0= 1.5 distance_threshold budget=0.05: final=0.010
  Penn94       SIR R0= 1.5 distance_threshold budget=0.10: final=0.006
  Penn94       SIR R0= 1.5 distance_threshold budget=0.20: final=0.002
  Penn94       SIR R0= 1.5 gnn                budget=0.00: final=0.018
  Penn94       SIR R0= 1.5 gnn                budget=0.01: final=0.007
  Penn94       SIR R0= 1.5 gnn                budget=0.05: final=0.003
  Penn94       SIR R0= 1.5 gnn                budget=0.10: final=0.002
  Penn94       SIR R0= 1.5 gnn                budget=0.20: final=0.000
  Penn94       SIR R0= 3.0 random             budget=0.00: final=0.383
  Penn94       SIR R0= 3.0 random             budget=0.01: final=0.377
  Penn94       SIR R0= 3.0 random             budget=0.05: final=0.359
  Penn94       SIR R0= 3.0 random             budget=0.10: final=0.334
  Penn94       SIR R0= 3.0 random             budget=0.20: final=0.248
  Penn94       SIR R0= 3.0 betweenness        budget=0.00: final=0.383
  Penn94       SIR R0= 3.0 betweenness        budget=0.01: final=0.377
  Penn94       SIR R0= 3.0 betweenness        budget=0.05: final=0.336
  Penn94       SIR R0= 3.0 betweenness        budget=0.10: final=0.306
  Penn94       SIR R0= 3.0 betweenness        budget=0.20: final=0.207
  Penn94       SIR R0= 3.0 distance_threshold budget=0.00: final=0.383
  Penn94       SIR R0= 3.0 distance_threshold budget=0.01: final=0.377
  Penn94       SIR R0= 3.0 distance_threshold budget=0.05: final=0.302
  Penn94       SIR R0= 3.0 distance_threshold budget=0.10: final=0.274
  Penn94       SIR R0= 3.0 distance_threshold budget=0.20: final=0.194
  Penn94       SIR R0= 3.0 gnn                budget=0.00: final=0.383
  Penn94       SIR R0= 3.0 gnn                budget=0.01: final=0.379
  Penn94       SIR R0= 3.0 gnn                budget=0.05: final=0.337
  Penn94       SIR R0= 3.0 gnn                budget=0.10: final=0.244
  Penn94       SIR R0= 3.0 gnn                budget=0.20: final=0.074
  Tennessee95  SIR R0= 1.5 random             budget=0.00: final=0.058
  Tennessee95  SIR R0= 1.5 random             budget=0.01: final=0.044
  Tennessee95  SIR R0= 1.5 random             budget=0.05: final=0.045
  Tennessee95  SIR R0= 1.5 random             budget=0.10: final=0.029
  Tennessee95  SIR R0= 1.5 random             budget=0.20: final=0.011
  Tennessee95  SIR R0= 1.5 betweenness        budget=0.00: final=0.058
  Tennessee95  SIR R0= 1.5 betweenness        budget=0.01: final=0.055
  Tennessee95  SIR R0= 1.5 betweenness        budget=0.05: final=0.040
  Tennessee95  SIR R0= 1.5 betweenness        budget=0.10: final=0.019
  Tennessee95  SIR R0= 1.5 betweenness        budget=0.20: final=0.012
  Tennessee95  SIR R0= 1.5 distance_threshold budget=0.00: final=0.058
  Tennessee95  SIR R0= 1.5 distance_threshold budget=0.01: final=0.047
  Tennessee95  SIR R0= 1.5 distance_threshold budget=0.05: final=0.037
  Tennessee95  SIR R0= 1.5 distance_threshold budget=0.10: final=0.019
  Tennessee95  SIR R0= 1.5 distance_threshold budget=0.20: final=0.007
  Tennessee95  SIR R0= 1.5 gnn                budget=0.00: final=0.058
  Tennessee95  SIR R0= 1.5 gnn                budget=0.01: final=0.030
  Tennessee95  SIR R0= 1.5 gnn                budget=0.05: final=0.015
  Tennessee95  SIR R0= 1.5 gnn                budget=0.10: final=0.006
  Tennessee95  SIR R0= 1.5 gnn                budget=0.20: final=0.002
  Tennessee95  SIR R0= 3.0 random             budget=0.00: final=0.452
  Tennessee95  SIR R0= 3.0 random             budget=0.01: final=0.447
  Tennessee95  SIR R0= 3.0 random             budget=0.05: final=0.430
  Tennessee95  SIR R0= 3.0 random             budget=0.10: final=0.408
  Tennessee95  SIR R0= 3.0 random             budget=0.20: final=0.321
  Tennessee95  SIR R0= 3.0 betweenness        budget=0.00: final=0.452
  Tennessee95  SIR R0= 3.0 betweenness        budget=0.01: final=0.445
  Tennessee95  SIR R0= 3.0 betweenness        budget=0.05: final=0.427
  Tennessee95  SIR R0= 3.0 betweenness        budget=0.10: final=0.403
  Tennessee95  SIR R0= 3.0 betweenness        budget=0.20: final=0.348
  Tennessee95  SIR R0= 3.0 distance_threshold budget=0.00: final=0.452
  Tennessee95  SIR R0= 3.0 distance_threshold budget=0.01: final=0.448
  Tennessee95  SIR R0= 3.0 distance_threshold budget=0.05: final=0.428
  Tennessee95  SIR R0= 3.0 distance_threshold budget=0.10: final=0.401
  Tennessee95  SIR R0= 3.0 distance_threshold budget=0.20: final=0.340
  Tennessee95  SIR R0= 3.0 gnn                budget=0.00: final=0.452
  Tennessee95  SIR R0= 3.0 gnn                budget=0.01: final=0.449
  Tennessee95  SIR R0= 3.0 gnn                budget=0.05: final=0.440
  Tennessee95  SIR R0= 3.0 gnn                budget=0.10: final=0.420
  Tennessee95  SIR R0= 3.0 gnn                budget=0.20: final=0.308

[saved] /Users/karlovrancic/Documents/projects/stat175/project/results/robustness_sir.parquet  (200 rows)
  Caltech36    adv-seed R0= 1.5 random             budget=0.00: steady=0.151
  Caltech36    adv-seed R0= 1.5 random             budget=0.01: steady=0.147
  Caltech36    adv-seed R0= 1.5 random             budget=0.05: steady=0.128
  Caltech36    adv-seed R0= 1.5 random             budget=0.10: steady=0.105
  Caltech36    adv-seed R0= 1.5 random             budget=0.20: steady=0.059
  Caltech36    adv-seed R0= 1.5 betweenness        budget=0.00: steady=0.151
  Caltech36    adv-seed R0= 1.5 betweenness        budget=0.01: steady=0.149
  Caltech36    adv-seed R0= 1.5 betweenness        budget=0.05: steady=0.133
  Caltech36    adv-seed R0= 1.5 betweenness        budget=0.10: steady=0.104
  Caltech36    adv-seed R0= 1.5 betweenness        budget=0.20: steady=0.059
  Caltech36    adv-seed R0= 1.5 distance_threshold budget=0.00: steady=0.151
  Caltech36    adv-seed R0= 1.5 distance_threshold budget=0.01: steady=0.145
  Caltech36    adv-seed R0= 1.5 distance_threshold budget=0.05: steady=0.118
  Caltech36    adv-seed R0= 1.5 distance_threshold budget=0.10: steady=0.086
  Caltech36    adv-seed R0= 1.5 distance_threshold budget=0.20: steady=0.035
  Caltech36    adv-seed R0= 1.5 gnn                budget=0.00: steady=0.151
  Caltech36    adv-seed R0= 1.5 gnn                budget=0.01: steady=0.139
  Caltech36    adv-seed R0= 1.5 gnn                budget=0.05: steady=0.078
  Caltech36    adv-seed R0= 1.5 gnn                budget=0.10: steady=0.032
  Caltech36    adv-seed R0= 1.5 gnn                budget=0.20: steady=0.009
  Caltech36    adv-seed R0= 3.0 random             budget=0.00: steady=0.408
  Caltech36    adv-seed R0= 3.0 random             budget=0.01: steady=0.406
  Caltech36    adv-seed R0= 3.0 random             budget=0.05: steady=0.393
  Caltech36    adv-seed R0= 3.0 random             budget=0.10: steady=0.376
  Caltech36    adv-seed R0= 3.0 random             budget=0.20: steady=0.338
  Caltech36    adv-seed R0= 3.0 betweenness        budget=0.00: steady=0.408
  Caltech36    adv-seed R0= 3.0 betweenness        budget=0.01: steady=0.402
  Caltech36    adv-seed R0= 3.0 betweenness        budget=0.05: steady=0.385
  Caltech36    adv-seed R0= 3.0 betweenness        budget=0.10: steady=0.366
  Caltech36    adv-seed R0= 3.0 betweenness        budget=0.20: steady=0.323
  Caltech36    adv-seed R0= 3.0 distance_threshold budget=0.00: steady=0.408
  Caltech36    adv-seed R0= 3.0 distance_threshold budget=0.01: steady=0.405
  Caltech36    adv-seed R0= 3.0 distance_threshold budget=0.05: steady=0.390
  Caltech36    adv-seed R0= 3.0 distance_threshold budget=0.10: steady=0.371
  Caltech36    adv-seed R0= 3.0 distance_threshold budget=0.20: steady=0.327
  Caltech36    adv-seed R0= 3.0 gnn                budget=0.00: steady=0.408
  Caltech36    adv-seed R0= 3.0 gnn                budget=0.01: steady=0.406
  Caltech36    adv-seed R0= 3.0 gnn                budget=0.05: steady=0.394
  Caltech36    adv-seed R0= 3.0 gnn                budget=0.10: steady=0.377
  Caltech36    adv-seed R0= 3.0 gnn                budget=0.20: steady=0.329
  Bowdoin47    adv-seed R0= 1.5 random             budget=0.00: steady=0.124
  Bowdoin47    adv-seed R0= 1.5 random             budget=0.01: steady=0.119
  Bowdoin47    adv-seed R0= 1.5 random             budget=0.05: steady=0.100
  Bowdoin47    adv-seed R0= 1.5 random             budget=0.10: steady=0.075
  Bowdoin47    adv-seed R0= 1.5 random             budget=0.20: steady=0.031
  Bowdoin47    adv-seed R0= 1.5 betweenness        budget=0.00: steady=0.124
  Bowdoin47    adv-seed R0= 1.5 betweenness        budget=0.01: steady=0.119
  Bowdoin47    adv-seed R0= 1.5 betweenness        budget=0.05: steady=0.099
  Bowdoin47    adv-seed R0= 1.5 betweenness        budget=0.10: steady=0.071
  Bowdoin47    adv-seed R0= 1.5 betweenness        budget=0.20: steady=0.033
  Bowdoin47    adv-seed R0= 1.5 distance_threshold budget=0.00: steady=0.124
  Bowdoin47    adv-seed R0= 1.5 distance_threshold budget=0.01: steady=0.118
  Bowdoin47    adv-seed R0= 1.5 distance_threshold budget=0.05: steady=0.089
  Bowdoin47    adv-seed R0= 1.5 distance_threshold budget=0.10: steady=0.052
  Bowdoin47    adv-seed R0= 1.5 distance_threshold budget=0.20: steady=0.014
  Bowdoin47    adv-seed R0= 1.5 gnn                budget=0.00: steady=0.124
  Bowdoin47    adv-seed R0= 1.5 gnn                budget=0.01: steady=0.099
  Bowdoin47    adv-seed R0= 1.5 gnn                budget=0.05: steady=0.031
  Bowdoin47    adv-seed R0= 1.5 gnn                budget=0.10: steady=0.010
  Bowdoin47    adv-seed R0= 1.5 gnn                budget=0.20: steady=0.001
  Bowdoin47    adv-seed R0= 3.0 random             budget=0.00: steady=0.407
  Bowdoin47    adv-seed R0= 3.0 random             budget=0.01: steady=0.404
  Bowdoin47    adv-seed R0= 3.0 random             budget=0.05: steady=0.390
  Bowdoin47    adv-seed R0= 3.0 random             budget=0.10: steady=0.373
  Bowdoin47    adv-seed R0= 3.0 random             budget=0.20: steady=0.331
  Bowdoin47    adv-seed R0= 3.0 betweenness        budget=0.00: steady=0.407
  Bowdoin47    adv-seed R0= 3.0 betweenness        budget=0.01: steady=0.402
  Bowdoin47    adv-seed R0= 3.0 betweenness        budget=0.05: steady=0.381
  Bowdoin47    adv-seed R0= 3.0 betweenness        budget=0.10: steady=0.352
  Bowdoin47    adv-seed R0= 3.0 betweenness        budget=0.20: steady=0.301
  Bowdoin47    adv-seed R0= 3.0 distance_threshold budget=0.00: steady=0.407
  Bowdoin47    adv-seed R0= 3.0 distance_threshold budget=0.01: steady=0.404
  Bowdoin47    adv-seed R0= 3.0 distance_threshold budget=0.05: steady=0.388
  Bowdoin47    adv-seed R0= 3.0 distance_threshold budget=0.10: steady=0.369
  Bowdoin47    adv-seed R0= 3.0 distance_threshold budget=0.20: steady=0.324
  Bowdoin47    adv-seed R0= 3.0 gnn                budget=0.00: steady=0.407
  Bowdoin47    adv-seed R0= 3.0 gnn                budget=0.01: steady=0.405
  Bowdoin47    adv-seed R0= 3.0 gnn                budget=0.05: steady=0.394
  Bowdoin47    adv-seed R0= 3.0 gnn                budget=0.10: steady=0.377
  Bowdoin47    adv-seed R0= 3.0 gnn                budget=0.20: steady=0.282
  Harvard1     adv-seed R0= 1.5 random             budget=0.00: steady=0.068
  Harvard1     adv-seed R0= 1.5 random             budget=0.01: steady=0.064
  Harvard1     adv-seed R0= 1.5 random             budget=0.05: steady=0.049
  Harvard1     adv-seed R0= 1.5 random             budget=0.10: steady=0.034
  Harvard1     adv-seed R0= 1.5 random             budget=0.20: steady=0.011
  Harvard1     adv-seed R0= 1.5 betweenness        budget=0.00: steady=0.068
  Harvard1     adv-seed R0= 1.5 betweenness        budget=0.01: steady=0.066
  Harvard1     adv-seed R0= 1.5 betweenness        budget=0.05: steady=0.055
  Harvard1     adv-seed R0= 1.5 betweenness        budget=0.10: steady=0.044
  Harvard1     adv-seed R0= 1.5 betweenness        budget=0.20: steady=0.021
  Harvard1     adv-seed R0= 1.5 distance_threshold budget=0.00: steady=0.068
  Harvard1     adv-seed R0= 1.5 distance_threshold budget=0.01: steady=0.062
  Harvard1     adv-seed R0= 1.5 distance_threshold budget=0.05: steady=0.042
  Harvard1     adv-seed R0= 1.5 distance_threshold budget=0.10: steady=0.023
  Harvard1     adv-seed R0= 1.5 distance_threshold budget=0.20: steady=0.006
  Harvard1     adv-seed R0= 1.5 gnn                budget=0.00: steady=0.068
  Harvard1     adv-seed R0= 1.5 gnn                budget=0.01: steady=0.033
  Harvard1     adv-seed R0= 1.5 gnn                budget=0.05: steady=0.004
  Harvard1     adv-seed R0= 1.5 gnn                budget=0.10: steady=0.001
  Harvard1     adv-seed R0= 1.5 gnn                budget=0.20: steady=0.000
  Harvard1     adv-seed R0= 3.0 random             budget=0.00: steady=0.294
  Harvard1     adv-seed R0= 3.0 random             budget=0.01: steady=0.291
  Harvard1     adv-seed R0= 3.0 random             budget=0.05: steady=0.281
  Harvard1     adv-seed R0= 3.0 random             budget=0.10: steady=0.266
  Harvard1     adv-seed R0= 3.0 random             budget=0.20: steady=0.233
  Harvard1     adv-seed R0= 3.0 betweenness        budget=0.00: steady=0.294
  Harvard1     adv-seed R0= 3.0 betweenness        budget=0.01: steady=0.290
  Harvard1     adv-seed R0= 3.0 betweenness        budget=0.05: steady=0.277
  Harvard1     adv-seed R0= 3.0 betweenness        budget=0.10: steady=0.260
  Harvard1     adv-seed R0= 3.0 betweenness        budget=0.20: steady=0.227
  Harvard1     adv-seed R0= 3.0 distance_threshold budget=0.00: steady=0.294
  Harvard1     adv-seed R0= 3.0 distance_threshold budget=0.01: steady=0.291
  Harvard1     adv-seed R0= 3.0 distance_threshold budget=0.05: steady=0.278
  Harvard1     adv-seed R0= 3.0 distance_threshold budget=0.10: steady=0.261
  Harvard1     adv-seed R0= 3.0 distance_threshold budget=0.20: steady=0.223
  Harvard1     adv-seed R0= 3.0 gnn                budget=0.00: steady=0.294
  Harvard1     adv-seed R0= 3.0 gnn                budget=0.01: steady=0.292
  Harvard1     adv-seed R0= 3.0 gnn                budget=0.05: steady=0.282
  Harvard1     adv-seed R0= 3.0 gnn                budget=0.10: steady=0.232
  Harvard1     adv-seed R0= 3.0 gnn                budget=0.20: steady=0.067
  Penn94       adv-seed R0= 1.5 random             budget=0.00: steady=0.035
  Penn94       adv-seed R0= 1.5 random             budget=0.01: steady=0.033
  Penn94       adv-seed R0= 1.5 random             budget=0.05: steady=0.026
  Penn94       adv-seed R0= 1.5 random             budget=0.10: steady=0.019
  Penn94       adv-seed R0= 1.5 random             budget=0.20: steady=0.008
  Penn94       adv-seed R0= 1.5 betweenness        budget=0.00: steady=0.035
  Penn94       adv-seed R0= 1.5 betweenness        budget=0.01: steady=0.028
  Penn94       adv-seed R0= 1.5 betweenness        budget=0.05: steady=0.005
  Penn94       adv-seed R0= 1.5 betweenness        budget=0.10: steady=0.001
  Penn94       adv-seed R0= 1.5 betweenness        budget=0.20: steady=0.000
  Penn94       adv-seed R0= 1.5 distance_threshold budget=0.00: steady=0.035
  Penn94       adv-seed R0= 1.5 distance_threshold budget=0.01: steady=0.031
  Penn94       adv-seed R0= 1.5 distance_threshold budget=0.05: steady=0.020
  Penn94       adv-seed R0= 1.5 distance_threshold budget=0.10: steady=0.011
  Penn94       adv-seed R0= 1.5 distance_threshold budget=0.20: steady=0.002
  Penn94       adv-seed R0= 1.5 gnn                budget=0.00: steady=0.035
  Penn94       adv-seed R0= 1.5 gnn                budget=0.01: steady=0.009
  Penn94       adv-seed R0= 1.5 gnn                budget=0.05: steady=0.000
  Penn94       adv-seed R0= 1.5 gnn                budget=0.10: steady=0.000
  Penn94       adv-seed R0= 1.5 gnn                budget=0.20: steady=0.000
  Penn94       adv-seed R0= 3.0 random             budget=0.00: steady=0.240
  Penn94       adv-seed R0= 3.0 random             budget=0.01: steady=0.237
  Penn94       adv-seed R0= 3.0 random             budget=0.05: steady=0.224
  Penn94       adv-seed R0= 3.0 random             budget=0.10: steady=0.208
  Penn94       adv-seed R0= 3.0 random             budget=0.20: steady=0.171
  Penn94       adv-seed R0= 3.0 betweenness        budget=0.00: steady=0.240
  Penn94       adv-seed R0= 3.0 betweenness        budget=0.01: steady=0.236
  Penn94       adv-seed R0= 3.0 betweenness        budget=0.05: steady=0.219
  Penn94       adv-seed R0= 3.0 betweenness        budget=0.10: steady=0.174
  Penn94       adv-seed R0= 3.0 betweenness        budget=0.20: steady=0.020
  Penn94       adv-seed R0= 3.0 distance_threshold budget=0.00: steady=0.240
  Penn94       adv-seed R0= 3.0 distance_threshold budget=0.01: steady=0.236
  Penn94       adv-seed R0= 3.0 distance_threshold budget=0.05: steady=0.221
  Penn94       adv-seed R0= 3.0 distance_threshold budget=0.10: steady=0.200
  Penn94       adv-seed R0= 3.0 distance_threshold budget=0.20: steady=0.149
  Penn94       adv-seed R0= 3.0 gnn                budget=0.00: steady=0.240
  Penn94       adv-seed R0= 3.0 gnn                budget=0.01: steady=0.236
  Penn94       adv-seed R0= 3.0 gnn                budget=0.05: steady=0.092
  Penn94       adv-seed R0= 3.0 gnn                budget=0.10: steady=0.004
  Penn94       adv-seed R0= 3.0 gnn                budget=0.20: steady=0.000
  Tennessee95  adv-seed R0= 1.5 random             budget=0.00: steady=0.067
  Tennessee95  adv-seed R0= 1.5 random             budget=0.01: steady=0.063
  Tennessee95  adv-seed R0= 1.5 random             budget=0.05: steady=0.050
  Tennessee95  adv-seed R0= 1.5 random             budget=0.10: steady=0.037
  Tennessee95  adv-seed R0= 1.5 random             budget=0.20: steady=0.016
  Tennessee95  adv-seed R0= 1.5 betweenness        budget=0.00: steady=0.067
  Tennessee95  adv-seed R0= 1.5 betweenness        budget=0.01: steady=0.061
  Tennessee95  adv-seed R0= 1.5 betweenness        budget=0.05: steady=0.042
  Tennessee95  adv-seed R0= 1.5 betweenness        budget=0.10: steady=0.022
  Tennessee95  adv-seed R0= 1.5 betweenness        budget=0.20: steady=0.005
  Tennessee95  adv-seed R0= 1.5 distance_threshold budget=0.00: steady=0.067
  Tennessee95  adv-seed R0= 1.5 distance_threshold budget=0.01: steady=0.061
  Tennessee95  adv-seed R0= 1.5 distance_threshold budget=0.05: steady=0.045
  Tennessee95  adv-seed R0= 1.5 distance_threshold budget=0.10: steady=0.026
  Tennessee95  adv-seed R0= 1.5 distance_threshold budget=0.20: steady=0.010
  Tennessee95  adv-seed R0= 1.5 gnn                budget=0.00: steady=0.067
  Tennessee95  adv-seed R0= 1.5 gnn                budget=0.01: steady=0.032
  Tennessee95  adv-seed R0= 1.5 gnn                budget=0.05: steady=0.002
  Tennessee95  adv-seed R0= 1.5 gnn                budget=0.10: steady=0.000
  Tennessee95  adv-seed R0= 1.5 gnn                budget=0.20: steady=0.000
  Tennessee95  adv-seed R0= 3.0 random             budget=0.00: steady=0.286
  Tennessee95  adv-seed R0= 3.0 random             budget=0.01: steady=0.283
  Tennessee95  adv-seed R0= 3.0 random             budget=0.05: steady=0.272
  Tennessee95  adv-seed R0= 3.0 random             budget=0.10: steady=0.256
  Tennessee95  adv-seed R0= 3.0 random             budget=0.20: steady=0.221
  Tennessee95  adv-seed R0= 3.0 betweenness        budget=0.00: steady=0.286
  Tennessee95  adv-seed R0= 3.0 betweenness        budget=0.01: steady=0.283
  Tennessee95  adv-seed R0= 3.0 betweenness        budget=0.05: steady=0.269
  Tennessee95  adv-seed R0= 3.0 betweenness        budget=0.10: steady=0.251
  Tennessee95  adv-seed R0= 3.0 betweenness        budget=0.20: steady=0.213
  Tennessee95  adv-seed R0= 3.0 distance_threshold budget=0.00: steady=0.286
  Tennessee95  adv-seed R0= 3.0 distance_threshold budget=0.01: steady=0.283
  Tennessee95  adv-seed R0= 3.0 distance_threshold budget=0.05: steady=0.269
  Tennessee95  adv-seed R0= 3.0 distance_threshold budget=0.10: steady=0.249
  Tennessee95  adv-seed R0= 3.0 distance_threshold budget=0.20: steady=0.207
  Tennessee95  adv-seed R0= 3.0 gnn                budget=0.00: steady=0.286
  Tennessee95  adv-seed R0= 3.0 gnn                budget=0.01: steady=0.284
  Tennessee95  adv-seed R0= 3.0 gnn                budget=0.05: steady=0.269
  Tennessee95  adv-seed R0= 3.0 gnn                budget=0.10: steady=0.222
  Tennessee95  adv-seed R0= 3.0 gnn                budget=0.20: steady=0.042

[saved] /Users/karlovrancic/Documents/projects/stat175/project/results/robustness_adversarial_seed.parquet  (200 rows)
